#
# There is insufficient memory for the Java Runtime Environment to continue.
# Native memory allocation (malloc) failed to allocate 198656 bytes. Error detail: Chunk::new
# Possible reasons:
#   The system is out of physical RAM or swap space
#   This process is running with CompressedOops enabled, and the Java Heap may be blocking the growth of the native heap
# Possible solutions:
#   Reduce memory load on the system
#   Increase physical memory or swap space
#   Check if swap backing store is full
#   Decrease Java heap size (-Xmx/-Xms)
#   Decrease number of Java threads
#   Decrease Java thread stack sizes (-Xss)
#   Set larger code cache with -XX:ReservedCodeCacheSize=
#   JVM is running with Zero Based Compressed Oops mode in which the Java heap is
#     placed in the first 32GB address space. The Java Heap base address is the
#     maximum limit for the native heap growth. Please use -XX:HeapBaseMinAddress
#     to set the Java Heap base and to place the Java Heap above 32GB virtual address.
# This output file may be truncated or incomplete.
#
#  Out of Memory Error (arena.cpp:150), pid=18544, tid=12276
#
# JRE version: Java(TM) SE Runtime Environment (22.0.2+9) (build 22.0.2+9-70)
# Java VM: Java HotSpot(TM) 64-Bit Server VM (22.0.2+9-70, mixed mode, sharing, tiered, compressed oops, compressed class ptrs, g1 gc, windows-amd64)
# No core dump will be written. Minidumps are not enabled by default on client versions of Windows
#

---------------  S U M M A R Y ------------

Command Line: com.pages.AdminDashBoard

Host: AMD Ryzen 7 5800HS with Radeon Graphics         , 16 cores, 15G,  Windows 11 , 64 bit Build 22621 (10.0.22621.4391)
Time: Wed Jan 22 21:06:46 2025 Malay Peninsula Standard Time elapsed time: 1.291505 seconds (0d 0h 0m 1s)

---------------  T H R E A D  ---------------

Current thread (0x000001d43103cdd0):  JavaThread "C2 CompilerThread2" daemon [_thread_in_native, id=12276, stack(0x000000034ae00000,0x000000034af00000) (1024K)]


Current CompileTask:
C2:1291 2972       4       sun.java2d.marlin.MarlinCache::copyAARowRLE_WithBlockFlags (733 bytes)

Stack: [0x000000034ae00000,0x000000034af00000]
Native frames: (J=compiled Java code, j=interpreted, Vv=VM code, C=native code)
V  [jvm.dll+0x6e26e9]  (no source info available)
V  [jvm.dll+0x875753]  (no source info available)
V  [jvm.dll+0x877b7e]  (no source info available)
V  [jvm.dll+0x878253]  (no source info available)
V  [jvm.dll+0x27fc86]  (no source info available)
V  [jvm.dll+0xc3d0f]  (no source info available)
V  [jvm.dll+0xc3f6b]  (no source info available)
V  [jvm.dll+0x2f3c7f]  (no source info available)
V  [jvm.dll+0x60c0fa]  (no source info available)
V  [jvm.dll+0x250c92]  (no source info available)
V  [jvm.dll+0x249445]  (no source info available)
V  [jvm.dll+0x246da6]  (no source info available)
V  [jvm.dll+0x1c4e80]  (no source info available)
V  [jvm.dll+0x2568f3]  (no source info available)
V  [jvm.dll+0x254baa]  (no source info available)
V  [jvm.dll+0x3f57a6]  (no source info available)
V  [jvm.dll+0x81dc0b]  (no source info available)
V  [jvm.dll+0x6e0d85]  (no source info available)
C  [ucrtbase.dll+0x29333]  (no source info available)
C  [KERNEL32.DLL+0x1259d]  (no source info available)
C  [ntdll.dll+0x5af38]  (no source info available)


---------------  P R O C E S S  ---------------

Threads class SMR info:
_java_thread_list=0x000001d47cbcfda0, length=24, elements={
0x000001d431021db0, 0x000001d431022890, 0x000001d431029b80, 0x000001d43102cce0,
0x000001d43102a930, 0x000001d43102b740, 0x000001d4310394a0, 0x000001d43103b960,
0x000001d43103e240, 0x000001d431308940, 0x000001d431317a30, 0x000001d43103abc0,
0x000001d43103d4a0, 0x000001d43161d710, 0x000001d431610ec0, 0x000001d431611b50,
0x000001d4316cff70, 0x000001d40f56a430, 0x000001d43103b290, 0x000001d47cba3750,
0x000001d47cc48480, 0x000001d47ce5e0e0, 0x000001d43103cdd0, 0x000001d43103c700
}

Java Threads: ( => current thread )
  0x000001d431021db0 JavaThread "Reference Handler"          daemon [_thread_blocked, id=18592, stack(0x0000000348000000,0x0000000348100000) (1024K)]
  0x000001d431022890 JavaThread "Finalizer"                  daemon [_thread_blocked, id=7876, stack(0x0000000348100000,0x0000000348200000) (1024K)]
  0x000001d431029b80 JavaThread "Signal Dispatcher"          daemon [_thread_blocked, id=14888, stack(0x0000000348200000,0x0000000348300000) (1024K)]
  0x000001d43102cce0 JavaThread "Attach Listener"            daemon [_thread_blocked, id=12272, stack(0x0000000348300000,0x0000000348400000) (1024K)]
  0x000001d43102a930 JavaThread "Service Thread"             daemon [_thread_blocked, id=17052, stack(0x0000000348400000,0x0000000348500000) (1024K)]
  0x000001d43102b740 JavaThread "Monitor Deflation Thread"   daemon [_thread_blocked, id=11096, stack(0x0000000348500000,0x0000000348600000) (1024K)]
  0x000001d4310394a0 JavaThread "C2 CompilerThread0"         daemon [_thread_in_native, id=18200, stack(0x0000000348600000,0x0000000348700000) (1024K)]
  0x000001d43103b960 JavaThread "C1 CompilerThread0"         daemon [_thread_in_vm, id=13924, stack(0x0000000348700000,0x0000000348800000) (1024K)]
  0x000001d43103e240 JavaThread "C1 CompilerThread1"         daemon [_thread_in_native, id=17292, stack(0x0000000348800000,0x0000000348900000) (1024K)]
  0x000001d431308940 JavaThread "Notification Thread"        daemon [_thread_blocked, id=14288, stack(0x0000000348900000,0x0000000348a00000) (1024K)]
  0x000001d431317a30 JavaThread "Common-Cleaner"             daemon [_thread_blocked, id=8196, stack(0x0000000348a00000,0x0000000348b00000) (1024K)]
  0x000001d43103abc0 JavaThread "C1 CompilerThread2"         daemon [_thread_blocked, id=18344, stack(0x0000000348b00000,0x0000000348c00000) (1024K)]
  0x000001d43103d4a0 JavaThread "C2 CompilerThread1"         daemon [_thread_in_native, id=5760, stack(0x0000000348c00000,0x0000000348d00000) (1024K)]
  0x000001d43161d710 JavaThread "Java2D Disposer"            daemon [_thread_blocked, id=19444, stack(0x0000000348d00000,0x0000000348e00000) (1024K)]
  0x000001d431610ec0 JavaThread "AWT-Shutdown"                      [_thread_blocked, id=18524, stack(0x0000000348e00000,0x0000000348f00000) (1024K)]
  0x000001d431611b50 JavaThread "AWT-Windows"                daemon [_thread_in_native, id=16700, stack(0x0000000348f00000,0x0000000349000000) (1024K)]
  0x000001d4316cff70 JavaThread "AWT-EventQueue-0"                  [_thread_in_Java, id=19204, stack(0x0000000349000000,0x0000000349100000) (1024K)]
  0x000001d40f56a430 JavaThread "DestroyJavaVM"                     [_thread_blocked, id=14216, stack(0x0000000347800000,0x0000000347900000) (1024K)]
  0x000001d43103b290 JavaThread "C1 CompilerThread3"         daemon [_thread_blocked, id=13776, stack(0x0000000349d00000,0x0000000349e00000) (1024K)]
  0x000001d47cba3750 JavaThread "TimerQueue"                 daemon [_thread_blocked, id=9236, stack(0x0000000349e00000,0x0000000349f00000) (1024K)]
  0x000001d47cc48480 JavaThread "Image Fetcher 0"            daemon [_thread_blocked, id=16904, stack(0x0000000349f00000,0x000000034a000000) (1024K)]
  0x000001d47ce5e0e0 JavaThread "PostgreSQL-JDBC-Cleaner"    daemon [_thread_blocked, id=1740, stack(0x000000034ad00000,0x000000034ae00000) (1024K)]
=>0x000001d43103cdd0 JavaThread "C2 CompilerThread2"         daemon [_thread_in_native, id=12276, stack(0x000000034ae00000,0x000000034af00000) (1024K)]
  0x000001d43103c700 JavaThread "C2 CompilerThread3"         daemon [_thread_in_native, id=7312, stack(0x000000034af00000,0x000000034b000000) (1024K)]
Total: 24

Other Threads:
  0x000001d431005ee0 VMThread "VM Thread"                           [id=19368, stack(0x0000000347f00000,0x0000000348000000) (1024K)]
  0x000001d430fea470 WatcherThread "VM Periodic Task Thread"        [id=16368, stack(0x0000000347e00000,0x0000000347f00000) (1024K)]
  0x000001d411719710 WorkerThread "GC Thread#0"                     [id=8640, stack(0x0000000347900000,0x0000000347a00000) (1024K)]
  0x000001d47cc2aef0 WorkerThread "GC Thread#1"                     [id=13100, stack(0x000000034a100000,0x000000034a200000) (1024K)]
  0x000001d47cf69540 WorkerThread "GC Thread#2"                     [id=9632, stack(0x000000034a200000,0x000000034a300000) (1024K)]
  0x000001d47cee5250 WorkerThread "GC Thread#3"                     [id=14532, stack(0x000000034a300000,0x000000034a400000) (1024K)]
  0x000001d47cee5600 WorkerThread "GC Thread#4"                     [id=8260, stack(0x000000034a400000,0x000000034a500000) (1024K)]
  0x000001d47cee4ea0 WorkerThread "GC Thread#5"                     [id=15016, stack(0x000000034a500000,0x000000034a600000) (1024K)]
  0x000001d47cee59b0 WorkerThread "GC Thread#6"                     [id=14096, stack(0x000000034a600000,0x000000034a700000) (1024K)]
  0x000001d47cee6110 WorkerThread "GC Thread#7"                     [id=9312, stack(0x000000034a700000,0x000000034a800000) (1024K)]
  0x000001d47cee5d60 WorkerThread "GC Thread#8"                     [id=6124, stack(0x000000034a800000,0x000000034a900000) (1024K)]
  0x000001d47cee64c0 WorkerThread "GC Thread#9"                     [id=12552, stack(0x000000034a900000,0x000000034aa00000) (1024K)]
  0x000001d47cee6870 WorkerThread "GC Thread#10"                    [id=16708, stack(0x000000034aa00000,0x000000034ab00000) (1024K)]
  0x000001d47ccd2de0 WorkerThread "GC Thread#11"                    [id=10276, stack(0x000000034ab00000,0x000000034ac00000) (1024K)]
  0x000001d47ccd38f0 WorkerThread "GC Thread#12"                    [id=17672, stack(0x000000034ac00000,0x000000034ad00000) (1024K)]
  0x000001d411729e40 ConcurrentGCThread "G1 Main Marker"            [id=4276, stack(0x0000000347a00000,0x0000000347b00000) (1024K)]
  0x000001d41172a860 WorkerThread "G1 Conc#0"                       [id=9056, stack(0x0000000347b00000,0x0000000347c00000) (1024K)]
  0x000001d430eb9670 ConcurrentGCThread "G1 Refine#0"               [id=19128, stack(0x0000000347c00000,0x0000000347d00000) (1024K)]
  0x000001d430ebcad0 ConcurrentGCThread "G1 Service"                [id=14428, stack(0x0000000347d00000,0x0000000347e00000) (1024K)]
Total: 19

Threads with active compile tasks:
C2 CompilerThread0  1331 2944       4       javax.swing.plaf.nimbus.NimbusStyle::validate (1151 bytes)
C2 CompilerThread1  1331 3018       4       sun.util.logging.PlatformLogger::isLoggable (23 bytes)
C2 CompilerThread2  1331 2972       4       sun.java2d.marlin.MarlinCache::copyAARowRLE_WithBlockFlags (733 bytes)
C2 CompilerThread3  1331 3060 %     4       sun.java2d.marlin.Renderer::_endRendering @ 808 (2646 bytes)
Total: 4

VM state: not at safepoint (normal execution)

VM Mutex/Monitor currently owned by a thread: None

Heap address: 0x0000000709800000, size: 3944 MB, Compressed Oops mode: Zero based, Oop shift amount: 3

CDS archive(s) mapped at: [0x000001d432000000-0x000001d432c60000-0x000001d432c60000), size 12976128, SharedBaseAddress: 0x000001d432000000, ArchiveRelocationMode: 1.
Compressed class space mapped at: 0x000001d433000000-0x000001d473000000, reserved size: 1073741824
Narrow klass base: 0x000001d432000000, Narrow klass shift: 0, Narrow klass range: 0x41000000

GC Precious Log:
 CardTable entry size: 512
 Card Set container configuration: InlinePtr #cards 4 size 8 Array Of Cards #cards 16 size 48 Howl #buckets 8 coarsen threshold 3686 Howl Bitmap #cards 512 size 80 coarsen threshold 460 Card regions per heap region 1 cards per card region 4096
 CPUs: 16 total, 16 available
 Memory: 15775M
 Large Page Support: Disabled
 NUMA Support: Disabled
 Compressed Oops: Enabled (Zero based)
 Heap Region Size: 2M
 Heap Min Capacity: 8M
 Heap Initial Capacity: 248M
 Heap Max Capacity: 3944M
 Pre-touch: Disabled
 Parallel Workers: 13
 Concurrent Workers: 3
 Concurrent Refinement Workers: 13
 Periodic GC: Disabled

Heap:
 garbage-first heap   total reserved 4038656K, committed 253952K, used 15895K [0x0000000709800000, 0x0000000800000000)
  region size 2048K, 7 young (14336K), 2 survivors (4096K)
 Metaspace       used 18025K, committed 18304K, reserved 1114112K
  class space    used 2120K, committed 2240K, reserved 1048576K

Heap Regions: E=young(eden), S=young(survivor), O=old, HS=humongous(starts), HC=humongous(continues), CS=collection set, F=free, TAMS=top-at-mark-start, PB=parsable bottom
|   0|0x0000000709800000, 0x0000000709a00000, 0x0000000709a00000|100%| O|  |TAMS 0x0000000709800000| PB 0x0000000709800000| Untracked |  0
|   1|0x0000000709a00000, 0x0000000709b85e20, 0x0000000709c00000| 76%| O|  |TAMS 0x0000000709a00000| PB 0x0000000709a00000| Untracked |  0
|   2|0x0000000709c00000, 0x0000000709c00000, 0x0000000709e00000|  0%| F|  |TAMS 0x0000000709c00000| PB 0x0000000709c00000| Untracked |  0
|   3|0x0000000709e00000, 0x0000000709e00000, 0x000000070a000000|  0%| F|  |TAMS 0x0000000709e00000| PB 0x0000000709e00000| Untracked |  0
|   4|0x000000070a000000, 0x000000070a000000, 0x000000070a200000|  0%| F|  |TAMS 0x000000070a000000| PB 0x000000070a000000| Untracked |  0
|   5|0x000000070a200000, 0x000000070a200000, 0x000000070a400000|  0%| F|  |TAMS 0x000000070a200000| PB 0x000000070a200000| Untracked |  0
|   6|0x000000070a400000, 0x000000070a400000, 0x000000070a600000|  0%| F|  |TAMS 0x000000070a400000| PB 0x000000070a400000| Untracked |  0
|   7|0x000000070a600000, 0x000000070a600000, 0x000000070a800000|  0%| F|  |TAMS 0x000000070a600000| PB 0x000000070a600000| Untracked |  0
|   8|0x000000070a800000, 0x000000070a800000, 0x000000070aa00000|  0%| F|  |TAMS 0x000000070a800000| PB 0x000000070a800000| Untracked |  0
|   9|0x000000070aa00000, 0x000000070aa00000, 0x000000070ac00000|  0%| F|  |TAMS 0x000000070aa00000| PB 0x000000070aa00000| Untracked |  0
|  10|0x000000070ac00000, 0x000000070ac00000, 0x000000070ae00000|  0%| F|  |TAMS 0x000000070ac00000| PB 0x000000070ac00000| Untracked |  0
|  11|0x000000070ae00000, 0x000000070ae00000, 0x000000070b000000|  0%| F|  |TAMS 0x000000070ae00000| PB 0x000000070ae00000| Untracked |  0
|  12|0x000000070b000000, 0x000000070b000000, 0x000000070b200000|  0%| F|  |TAMS 0x000000070b000000| PB 0x000000070b000000| Untracked |  0
|  13|0x000000070b200000, 0x000000070b200000, 0x000000070b400000|  0%| F|  |TAMS 0x000000070b200000| PB 0x000000070b200000| Untracked |  0
|  14|0x000000070b400000, 0x000000070b400000, 0x000000070b600000|  0%| F|  |TAMS 0x000000070b400000| PB 0x000000070b400000| Untracked |  0
|  15|0x000000070b600000, 0x000000070b600000, 0x000000070b800000|  0%| F|  |TAMS 0x000000070b600000| PB 0x000000070b600000| Untracked |  0
|  16|0x000000070b800000, 0x000000070b800000, 0x000000070ba00000|  0%| F|  |TAMS 0x000000070b800000| PB 0x000000070b800000| Untracked |  0
|  17|0x000000070ba00000, 0x000000070ba00000, 0x000000070bc00000|  0%| F|  |TAMS 0x000000070ba00000| PB 0x000000070ba00000| Untracked |  0
|  18|0x000000070bc00000, 0x000000070bc00000, 0x000000070be00000|  0%| F|  |TAMS 0x000000070bc00000| PB 0x000000070bc00000| Untracked |  0
|  19|0x000000070be00000, 0x000000070be00000, 0x000000070c000000|  0%| F|  |TAMS 0x000000070be00000| PB 0x000000070be00000| Untracked |  0
|  20|0x000000070c000000, 0x000000070c000000, 0x000000070c200000|  0%| F|  |TAMS 0x000000070c000000| PB 0x000000070c000000| Untracked |  0
|  21|0x000000070c200000, 0x000000070c200000, 0x000000070c400000|  0%| F|  |TAMS 0x000000070c200000| PB 0x000000070c200000| Untracked |  0
|  22|0x000000070c400000, 0x000000070c400000, 0x000000070c600000|  0%| F|  |TAMS 0x000000070c400000| PB 0x000000070c400000| Untracked |  0
|  23|0x000000070c600000, 0x000000070c600000, 0x000000070c800000|  0%| F|  |TAMS 0x000000070c600000| PB 0x000000070c600000| Untracked |  0
|  24|0x000000070c800000, 0x000000070c800000, 0x000000070ca00000|  0%| F|  |TAMS 0x000000070c800000| PB 0x000000070c800000| Untracked |  0
|  25|0x000000070ca00000, 0x000000070ca00000, 0x000000070cc00000|  0%| F|  |TAMS 0x000000070ca00000| PB 0x000000070ca00000| Untracked |  0
|  26|0x000000070cc00000, 0x000000070cc00000, 0x000000070ce00000|  0%| F|  |TAMS 0x000000070cc00000| PB 0x000000070cc00000| Untracked |  0
|  27|0x000000070ce00000, 0x000000070ce00000, 0x000000070d000000|  0%| F|  |TAMS 0x000000070ce00000| PB 0x000000070ce00000| Untracked |  0
|  28|0x000000070d000000, 0x000000070d000000, 0x000000070d200000|  0%| F|  |TAMS 0x000000070d000000| PB 0x000000070d000000| Untracked |  0
|  29|0x000000070d200000, 0x000000070d200000, 0x000000070d400000|  0%| F|  |TAMS 0x000000070d200000| PB 0x000000070d200000| Untracked |  0
|  30|0x000000070d400000, 0x000000070d400000, 0x000000070d600000|  0%| F|  |TAMS 0x000000070d400000| PB 0x000000070d400000| Untracked |  0
|  31|0x000000070d600000, 0x000000070d600000, 0x000000070d800000|  0%| F|  |TAMS 0x000000070d600000| PB 0x000000070d600000| Untracked |  0
|  32|0x000000070d800000, 0x000000070d800000, 0x000000070da00000|  0%| F|  |TAMS 0x000000070d800000| PB 0x000000070d800000| Untracked |  0
|  33|0x000000070da00000, 0x000000070da00000, 0x000000070dc00000|  0%| F|  |TAMS 0x000000070da00000| PB 0x000000070da00000| Untracked |  0
|  34|0x000000070dc00000, 0x000000070dc00000, 0x000000070de00000|  0%| F|  |TAMS 0x000000070dc00000| PB 0x000000070dc00000| Untracked |  0
|  35|0x000000070de00000, 0x000000070de00000, 0x000000070e000000|  0%| F|  |TAMS 0x000000070de00000| PB 0x000000070de00000| Untracked |  0
|  36|0x000000070e000000, 0x000000070e000000, 0x000000070e200000|  0%| F|  |TAMS 0x000000070e000000| PB 0x000000070e000000| Untracked |  0
|  37|0x000000070e200000, 0x000000070e200000, 0x000000070e400000|  0%| F|  |TAMS 0x000000070e200000| PB 0x000000070e200000| Untracked |  0
|  38|0x000000070e400000, 0x000000070e400000, 0x000000070e600000|  0%| F|  |TAMS 0x000000070e400000| PB 0x000000070e400000| Untracked |  0
|  39|0x000000070e600000, 0x000000070e600000, 0x000000070e800000|  0%| F|  |TAMS 0x000000070e600000| PB 0x000000070e600000| Untracked |  0
|  40|0x000000070e800000, 0x000000070e800000, 0x000000070ea00000|  0%| F|  |TAMS 0x000000070e800000| PB 0x000000070e800000| Untracked |  0
|  41|0x000000070ea00000, 0x000000070ea00000, 0x000000070ec00000|  0%| F|  |TAMS 0x000000070ea00000| PB 0x000000070ea00000| Untracked |  0
|  42|0x000000070ec00000, 0x000000070ec00000, 0x000000070ee00000|  0%| F|  |TAMS 0x000000070ec00000| PB 0x000000070ec00000| Untracked |  0
|  43|0x000000070ee00000, 0x000000070ee00000, 0x000000070f000000|  0%| F|  |TAMS 0x000000070ee00000| PB 0x000000070ee00000| Untracked |  0
|  44|0x000000070f000000, 0x000000070f000000, 0x000000070f200000|  0%| F|  |TAMS 0x000000070f000000| PB 0x000000070f000000| Untracked |  0
|  45|0x000000070f200000, 0x000000070f200000, 0x000000070f400000|  0%| F|  |TAMS 0x000000070f200000| PB 0x000000070f200000| Untracked |  0
|  46|0x000000070f400000, 0x000000070f400000, 0x000000070f600000|  0%| F|  |TAMS 0x000000070f400000| PB 0x000000070f400000| Untracked |  0
|  47|0x000000070f600000, 0x000000070f600000, 0x000000070f800000|  0%| F|  |TAMS 0x000000070f600000| PB 0x000000070f600000| Untracked |  0
|  48|0x000000070f800000, 0x000000070f800000, 0x000000070fa00000|  0%| F|  |TAMS 0x000000070f800000| PB 0x000000070f800000| Untracked |  0
|  49|0x000000070fa00000, 0x000000070fa00000, 0x000000070fc00000|  0%| F|  |TAMS 0x000000070fa00000| PB 0x000000070fa00000| Untracked |  0
|  50|0x000000070fc00000, 0x000000070fc00000, 0x000000070fe00000|  0%| F|  |TAMS 0x000000070fc00000| PB 0x000000070fc00000| Untracked |  0
|  51|0x000000070fe00000, 0x000000070fe00000, 0x0000000710000000|  0%| F|  |TAMS 0x000000070fe00000| PB 0x000000070fe00000| Untracked |  0
|  52|0x0000000710000000, 0x0000000710000000, 0x0000000710200000|  0%| F|  |TAMS 0x0000000710000000| PB 0x0000000710000000| Untracked |  0
|  53|0x0000000710200000, 0x0000000710200000, 0x0000000710400000|  0%| F|  |TAMS 0x0000000710200000| PB 0x0000000710200000| Untracked |  0
|  54|0x0000000710400000, 0x0000000710400000, 0x0000000710600000|  0%| F|  |TAMS 0x0000000710400000| PB 0x0000000710400000| Untracked |  0
|  55|0x0000000710600000, 0x0000000710600000, 0x0000000710800000|  0%| F|  |TAMS 0x0000000710600000| PB 0x0000000710600000| Untracked |  0
|  56|0x0000000710800000, 0x0000000710800000, 0x0000000710a00000|  0%| F|  |TAMS 0x0000000710800000| PB 0x0000000710800000| Untracked |  0
|  57|0x0000000710a00000, 0x0000000710a00000, 0x0000000710c00000|  0%| F|  |TAMS 0x0000000710a00000| PB 0x0000000710a00000| Untracked |  0
|  58|0x0000000710c00000, 0x0000000710c00000, 0x0000000710e00000|  0%| F|  |TAMS 0x0000000710c00000| PB 0x0000000710c00000| Untracked |  0
|  59|0x0000000710e00000, 0x0000000710e00000, 0x0000000711000000|  0%| F|  |TAMS 0x0000000710e00000| PB 0x0000000710e00000| Untracked |  0
|  60|0x0000000711000000, 0x0000000711000000, 0x0000000711200000|  0%| F|  |TAMS 0x0000000711000000| PB 0x0000000711000000| Untracked |  0
|  61|0x0000000711200000, 0x0000000711200000, 0x0000000711400000|  0%| F|  |TAMS 0x0000000711200000| PB 0x0000000711200000| Untracked |  0
|  62|0x0000000711400000, 0x0000000711400000, 0x0000000711600000|  0%| F|  |TAMS 0x0000000711400000| PB 0x0000000711400000| Untracked |  0
|  63|0x0000000711600000, 0x0000000711600000, 0x0000000711800000|  0%| F|  |TAMS 0x0000000711600000| PB 0x0000000711600000| Untracked |  0
|  64|0x0000000711800000, 0x0000000711800000, 0x0000000711a00000|  0%| F|  |TAMS 0x0000000711800000| PB 0x0000000711800000| Untracked |  0
|  65|0x0000000711a00000, 0x0000000711a00000, 0x0000000711c00000|  0%| F|  |TAMS 0x0000000711a00000| PB 0x0000000711a00000| Untracked |  0
|  66|0x0000000711c00000, 0x0000000711c00000, 0x0000000711e00000|  0%| F|  |TAMS 0x0000000711c00000| PB 0x0000000711c00000| Untracked |  0
|  67|0x0000000711e00000, 0x0000000711e00000, 0x0000000712000000|  0%| F|  |TAMS 0x0000000711e00000| PB 0x0000000711e00000| Untracked |  0
|  68|0x0000000712000000, 0x0000000712000000, 0x0000000712200000|  0%| F|  |TAMS 0x0000000712000000| PB 0x0000000712000000| Untracked |  0
|  69|0x0000000712200000, 0x0000000712200000, 0x0000000712400000|  0%| F|  |TAMS 0x0000000712200000| PB 0x0000000712200000| Untracked |  0
|  70|0x0000000712400000, 0x0000000712400000, 0x0000000712600000|  0%| F|  |TAMS 0x0000000712400000| PB 0x0000000712400000| Untracked |  0
|  71|0x0000000712600000, 0x0000000712600000, 0x0000000712800000|  0%| F|  |TAMS 0x0000000712600000| PB 0x0000000712600000| Untracked |  0
|  72|0x0000000712800000, 0x0000000712800000, 0x0000000712a00000|  0%| F|  |TAMS 0x0000000712800000| PB 0x0000000712800000| Untracked |  0
|  73|0x0000000712a00000, 0x0000000712a00000, 0x0000000712c00000|  0%| F|  |TAMS 0x0000000712a00000| PB 0x0000000712a00000| Untracked |  0
|  74|0x0000000712c00000, 0x0000000712c00000, 0x0000000712e00000|  0%| F|  |TAMS 0x0000000712c00000| PB 0x0000000712c00000| Untracked |  0
|  75|0x0000000712e00000, 0x0000000712e00000, 0x0000000713000000|  0%| F|  |TAMS 0x0000000712e00000| PB 0x0000000712e00000| Untracked |  0
|  76|0x0000000713000000, 0x0000000713000000, 0x0000000713200000|  0%| F|  |TAMS 0x0000000713000000| PB 0x0000000713000000| Untracked |  0
|  77|0x0000000713200000, 0x0000000713200000, 0x0000000713400000|  0%| F|  |TAMS 0x0000000713200000| PB 0x0000000713200000| Untracked |  0
|  78|0x0000000713400000, 0x0000000713400000, 0x0000000713600000|  0%| F|  |TAMS 0x0000000713400000| PB 0x0000000713400000| Untracked |  0
|  79|0x0000000713600000, 0x0000000713600000, 0x0000000713800000|  0%| F|  |TAMS 0x0000000713600000| PB 0x0000000713600000| Untracked |  0
|  80|0x0000000713800000, 0x0000000713800000, 0x0000000713a00000|  0%| F|  |TAMS 0x0000000713800000| PB 0x0000000713800000| Untracked |  0
|  81|0x0000000713a00000, 0x0000000713a00000, 0x0000000713c00000|  0%| F|  |TAMS 0x0000000713a00000| PB 0x0000000713a00000| Untracked |  0
|  82|0x0000000713c00000, 0x0000000713c00000, 0x0000000713e00000|  0%| F|  |TAMS 0x0000000713c00000| PB 0x0000000713c00000| Untracked |  0
|  83|0x0000000713e00000, 0x0000000713e00000, 0x0000000714000000|  0%| F|  |TAMS 0x0000000713e00000| PB 0x0000000713e00000| Untracked |  0
|  84|0x0000000714000000, 0x0000000714000000, 0x0000000714200000|  0%| F|  |TAMS 0x0000000714000000| PB 0x0000000714000000| Untracked |  0
|  85|0x0000000714200000, 0x0000000714200000, 0x0000000714400000|  0%| F|  |TAMS 0x0000000714200000| PB 0x0000000714200000| Untracked |  0
|  86|0x0000000714400000, 0x0000000714400000, 0x0000000714600000|  0%| F|  |TAMS 0x0000000714400000| PB 0x0000000714400000| Untracked |  0
|  87|0x0000000714600000, 0x0000000714600000, 0x0000000714800000|  0%| F|  |TAMS 0x0000000714600000| PB 0x0000000714600000| Untracked |  0
|  88|0x0000000714800000, 0x0000000714800000, 0x0000000714a00000|  0%| F|  |TAMS 0x0000000714800000| PB 0x0000000714800000| Untracked |  0
|  89|0x0000000714a00000, 0x0000000714a00000, 0x0000000714c00000|  0%| F|  |TAMS 0x0000000714a00000| PB 0x0000000714a00000| Untracked |  0
|  90|0x0000000714c00000, 0x0000000714c00000, 0x0000000714e00000|  0%| F|  |TAMS 0x0000000714c00000| PB 0x0000000714c00000| Untracked |  0
|  91|0x0000000714e00000, 0x0000000714e00000, 0x0000000715000000|  0%| F|  |TAMS 0x0000000714e00000| PB 0x0000000714e00000| Untracked |  0
|  92|0x0000000715000000, 0x0000000715000000, 0x0000000715200000|  0%| F|  |TAMS 0x0000000715000000| PB 0x0000000715000000| Untracked |  0
|  93|0x0000000715200000, 0x0000000715200000, 0x0000000715400000|  0%| F|  |TAMS 0x0000000715200000| PB 0x0000000715200000| Untracked |  0
|  94|0x0000000715400000, 0x0000000715400000, 0x0000000715600000|  0%| F|  |TAMS 0x0000000715400000| PB 0x0000000715400000| Untracked |  0
|  95|0x0000000715600000, 0x0000000715600000, 0x0000000715800000|  0%| F|  |TAMS 0x0000000715600000| PB 0x0000000715600000| Untracked |  0
|  96|0x0000000715800000, 0x0000000715800000, 0x0000000715a00000|  0%| F|  |TAMS 0x0000000715800000| PB 0x0000000715800000| Untracked |  0
|  97|0x0000000715a00000, 0x0000000715a00000, 0x0000000715c00000|  0%| F|  |TAMS 0x0000000715a00000| PB 0x0000000715a00000| Untracked |  0
|  98|0x0000000715c00000, 0x0000000715c00000, 0x0000000715e00000|  0%| F|  |TAMS 0x0000000715c00000| PB 0x0000000715c00000| Untracked |  0
|  99|0x0000000715e00000, 0x0000000715e00000, 0x0000000716000000|  0%| F|  |TAMS 0x0000000715e00000| PB 0x0000000715e00000| Untracked |  0
| 100|0x0000000716000000, 0x0000000716000000, 0x0000000716200000|  0%| F|  |TAMS 0x0000000716000000| PB 0x0000000716000000| Untracked |  0
| 101|0x0000000716200000, 0x0000000716200000, 0x0000000716400000|  0%| F|  |TAMS 0x0000000716200000| PB 0x0000000716200000| Untracked |  0
| 102|0x0000000716400000, 0x0000000716400000, 0x0000000716600000|  0%| F|  |TAMS 0x0000000716400000| PB 0x0000000716400000| Untracked |  0
| 103|0x0000000716600000, 0x0000000716600000, 0x0000000716800000|  0%| F|  |TAMS 0x0000000716600000| PB 0x0000000716600000| Untracked |  0
| 104|0x0000000716800000, 0x0000000716800000, 0x0000000716a00000|  0%| F|  |TAMS 0x0000000716800000| PB 0x0000000716800000| Untracked |  0
| 105|0x0000000716a00000, 0x0000000716a00000, 0x0000000716c00000|  0%| F|  |TAMS 0x0000000716a00000| PB 0x0000000716a00000| Untracked |  0
| 106|0x0000000716c00000, 0x0000000716c00000, 0x0000000716e00000|  0%| F|  |TAMS 0x0000000716c00000| PB 0x0000000716c00000| Untracked |  0
| 107|0x0000000716e00000, 0x0000000716e00000, 0x0000000717000000|  0%| F|  |TAMS 0x0000000716e00000| PB 0x0000000716e00000| Untracked |  0
| 108|0x0000000717000000, 0x0000000717000000, 0x0000000717200000|  0%| F|  |TAMS 0x0000000717000000| PB 0x0000000717000000| Untracked |  0
| 109|0x0000000717200000, 0x0000000717200000, 0x0000000717400000|  0%| F|  |TAMS 0x0000000717200000| PB 0x0000000717200000| Untracked |  0
| 110|0x0000000717400000, 0x0000000717600000, 0x0000000717600000|100%| S|CS|TAMS 0x0000000717400000| PB 0x0000000717400000| Complete |  0
| 111|0x0000000717600000, 0x0000000717800000, 0x0000000717800000|100%| S|CS|TAMS 0x0000000717600000| PB 0x0000000717600000| Complete |  0
| 112|0x0000000717800000, 0x0000000717800000, 0x0000000717a00000|  0%| F|  |TAMS 0x0000000717800000| PB 0x0000000717800000| Untracked |  0
| 113|0x0000000717a00000, 0x0000000717a00000, 0x0000000717c00000|  0%| F|  |TAMS 0x0000000717a00000| PB 0x0000000717a00000| Untracked |  0
| 114|0x0000000717c00000, 0x0000000717c00000, 0x0000000717e00000|  0%| F|  |TAMS 0x0000000717c00000| PB 0x0000000717c00000| Untracked |  0
| 115|0x0000000717e00000, 0x0000000717e00000, 0x0000000718000000|  0%| F|  |TAMS 0x0000000717e00000| PB 0x0000000717e00000| Untracked |  0
| 116|0x0000000718000000, 0x0000000718000000, 0x0000000718200000|  0%| F|  |TAMS 0x0000000718000000| PB 0x0000000718000000| Untracked |  0
| 117|0x0000000718200000, 0x0000000718200000, 0x0000000718400000|  0%| F|  |TAMS 0x0000000718200000| PB 0x0000000718200000| Untracked |  0
| 118|0x0000000718400000, 0x0000000718400000, 0x0000000718600000|  0%| F|  |TAMS 0x0000000718400000| PB 0x0000000718400000| Untracked |  0
| 119|0x0000000718600000, 0x00000007186bfdc0, 0x0000000718800000| 37%| E|  |TAMS 0x0000000718600000| PB 0x0000000718600000| Complete |  1
| 120|0x0000000718800000, 0x0000000718a00000, 0x0000000718a00000|100%| E|CS|TAMS 0x0000000718800000| PB 0x0000000718800000| Complete |  0
| 121|0x0000000718a00000, 0x0000000718c00000, 0x0000000718c00000|100%| E|CS|TAMS 0x0000000718a00000| PB 0x0000000718a00000| Complete |  0
| 122|0x0000000718c00000, 0x0000000718e00000, 0x0000000718e00000|100%| E|CS|TAMS 0x0000000718c00000| PB 0x0000000718c00000| Complete |  0
| 123|0x0000000718e00000, 0x0000000719000000, 0x0000000719000000|100%| E|CS|TAMS 0x0000000718e00000| PB 0x0000000718e00000| Complete |  0

Card table byte_map: [0x000001d429a50000,0x000001d42a210000] _byte_map_base: 0x000001d426204000

Marking Bits: (CMBitMap*) 0x000001d411719d30
 Bits: [0x000001d42a210000, 0x000001d42dfb0000)

Polling page: 0x000001d40f520000

Metaspace:

Usage:
  Non-class:     15.53 MB used.
      Class:      2.07 MB used.
       Both:     17.61 MB used.

Virtual space:
  Non-class space:       64.00 MB reserved,      15.69 MB ( 25%) committed,  1 nodes.
      Class space:        1.00 GB reserved,       2.19 MB ( <1%) committed,  1 nodes.
             Both:        1.06 GB reserved,      17.88 MB (  2%) committed. 

Chunk freelists:
   Non-Class:  304.00 KB
       Class:  13.74 MB
        Both:  14.04 MB

MaxMetaspaceSize: unlimited
CompressedClassSpaceSize: 1.00 GB
Initial GC threshold: 21.00 MB
Current GC threshold: 21.00 MB
CDS: on
 - commit_granule_bytes: 65536.
 - commit_granule_words: 8192.
 - virtual_space_node_default_size: 8388608.
 - enlarge_chunks_in_place: 1.
 - use_allocation_guard: 0.


Internal statistics:

num_allocs_failed_limit: 0.
num_arena_births: 226.
num_arena_deaths: 0.
num_vsnodes_births: 2.
num_vsnodes_deaths: 0.
num_space_committed: 286.
num_space_uncommitted: 0.
num_chunks_returned_to_freelist: 0.
num_chunks_taken_from_freelist: 421.
num_chunk_merges: 0.
num_chunk_splits: 247.
num_chunks_enlarged: 121.
num_inconsistent_stats: 0.

CodeHeap 'non-profiled nmethods': size=119168Kb used=1113Kb max_used=1113Kb free=118054Kb
 bounds [0x000001d4215a0000, 0x000001d421810000, 0x000001d428a00000]
CodeHeap 'profiled nmethods': size=119104Kb used=5910Kb max_used=5910Kb free=113193Kb
 bounds [0x000001d419a00000, 0x000001d419fd0000, 0x000001d420e50000]
CodeHeap 'non-nmethods': size=7488Kb used=3405Kb max_used=3423Kb free=4082Kb
 bounds [0x000001d420e50000, 0x000001d4211b0000, 0x000001d4215a0000]
 total_blobs=3825 nmethods=3072 adapters=653
 compilation: enabled
              stopped_count=0, restarted_count=0
 full_count=0

Compilation events (20 events):
Event: 1.284 Thread 0x000001d43103abc0 nmethod 2965 0x000001d419f8b910 code [0x000001d419f8bae0, 0x000001d419f8bf08]
Event: 1.284 Thread 0x000001d43103b960 nmethod 2963 0x000001d419f8c090 code [0x000001d419f8c260, 0x000001d419f8c658]
Event: 1.284 Thread 0x000001d43103e240 nmethod 2966 0x000001d419f8c810 code [0x000001d419f8c9e0, 0x000001d419f8cd90]
Event: 1.284 Thread 0x000001d43103abc0 2968       3       sun.java2d.d3d.D3DSurfaceData::getContext (5 bytes)
Event: 1.284 Thread 0x000001d43103e240 2969       3       sun.java2d.d3d.D3DSurfaceData::getContext (8 bytes)
Event: 1.284 Thread 0x000001d43103b960 2970       3       sun.java2d.pipe.BufferedContext::validate (575 bytes)
Event: 1.284 Thread 0x000001d43103b290 nmethod 2967 0x000001d419f8cf10 code [0x000001d419f8d0c0, 0x000001d419f8d318]
Event: 1.284 Thread 0x000001d43103abc0 nmethod 2968 0x000001d419f8d490 code [0x000001d419f8d620, 0x000001d419f8d7b0]
Event: 1.284 Thread 0x000001d43103e240 nmethod 2969 0x000001d419f8d890 code [0x000001d419f8da20, 0x000001d419f8db58]
Event: 1.285 Thread 0x000001d43103e240 2971       3       sun.java2d.marlin.MarlinCache::alphaSumInTile (16 bytes)
Event: 1.285 Thread 0x000001d43103e240 nmethod 2971 0x000001d419f8dc10 code [0x000001d419f8dda0, 0x000001d419f8dee8]
Event: 1.286 Thread 0x000001d43103cdd0 2972       4       sun.java2d.marlin.MarlinCache::copyAARowRLE_WithBlockFlags (733 bytes)
Event: 1.286 Thread 0x000001d43103c700 2973 %     4       java.util.Arrays::fill @ 10 (28 bytes)
Event: 1.286 Thread 0x000001d43103b960 nmethod 2970 0x000001d419f8e010 code [0x000001d419f8e5c0, 0x000001d419f91e88]
Event: 1.288 Thread 0x000001d43103b960 2974   !   3       sun.java2d.SurfaceData::convertTo (24 bytes)
Event: 1.288 Thread 0x000001d43103e240 2975       3       sun.java2d.marlin.ArrayCacheInt::fill (21 bytes)
Event: 1.288 Thread 0x000001d43103e240 nmethod 2975 0x000001d419f93110 code [0x000001d419f932c0, 0x000001d419f93538]
Event: 1.289 Thread 0x000001d43103b960 nmethod 2974 0x000001d419f93710 code [0x000001d419f93920, 0x000001d419f93f00]
Event: 1.289 Thread 0x000001d43103e240 2976       3       sun.java2d.SunGraphics2D::invalidatePipe (41 bytes)
Event: 1.290 Thread 0x000001d43103e240 nmethod 2976 0x000001d419f94210 code [0x000001d419f943c0, 0x000001d419f94700]

GC Heap History (2 events):
Event: 0.730 GC heap before
{Heap before GC invocations=0 (full 0):
 garbage-first heap   total reserved 4038656K, committed 253952K, used 22528K [0x0000000709800000, 0x0000000800000000)
  region size 2048K, 12 young (24576K), 0 survivors (0K)
 Metaspace       used 14725K, committed 14976K, reserved 1114112K
  class space    used 1763K, committed 1920K, reserved 1048576K
}
Event: 0.735 GC heap after
{Heap after GC invocations=1 (full 0):
 garbage-first heap   total reserved 4038656K, committed 253952K, used 7703K [0x0000000709800000, 0x0000000800000000)
  region size 2048K, 2 young (4096K), 2 survivors (4096K)
 Metaspace       used 14725K, committed 14976K, reserved 1114112K
  class space    used 1763K, committed 1920K, reserved 1048576K
}

Dll operation events (13 events):
Event: 0.005 Loaded shared library C:\Program Files\Java\jdk-22\bin\java.dll
Event: 0.025 Loaded shared library C:\Program Files\Java\jdk-22\bin\jsvml.dll
Event: 0.050 Loaded shared library C:\Program Files\Java\jdk-22\bin\jimage.dll
Event: 0.053 Loaded shared library C:\Program Files\Java\jdk-22\bin\net.dll
Event: 0.054 Loaded shared library C:\Program Files\Java\jdk-22\bin\nio.dll
Event: 0.057 Loaded shared library C:\Program Files\Java\jdk-22\bin\zip.dll
Event: 0.104 Loaded shared library C:\Program Files\Java\jdk-22\bin\awt.dll
Event: 0.190 Loaded shared library C:\Program Files\Java\jdk-22\bin\freetype.dll
Event: 0.190 Loaded shared library C:\Program Files\Java\jdk-22\bin\fontmanager.dll
Event: 0.401 Loaded shared library C:\Program Files\Java\jdk-22\bin\verify.dll
Event: 0.584 Loaded shared library C:\Program Files\Java\jdk-22\bin\extnet.dll
Event: 0.592 Loaded shared library C:\Program Files\Java\jdk-22\bin\management.dll
Event: 0.594 Loaded shared library C:\Program Files\Java\jdk-22\bin\management_ext.dll

Deoptimization events (20 events):
Event: 1.216 Thread 0x000001d4316cff70 Uncommon trap: trap_request=0xffffffde fr.pc=0x000001d42167348c relative=0x00000000000005cc
Event: 1.216 Thread 0x000001d4316cff70 Uncommon trap: reason=class_check action=maybe_recompile pc=0x000001d42167348c method=sun.util.logging.PlatformLogger.isLoggable(Lsun/util/logging/PlatformLogger$Level;)Z @ 17 c2
Event: 1.216 Thread 0x000001d4316cff70 DEOPT PACKING pc=0x000001d42167348c sp=0x00000003490fea60
Event: 1.216 Thread 0x000001d4316cff70 DEOPT UNPACKING pc=0x000001d420ea46a2 sp=0x00000003490fea38 mode 2
Event: 1.226 Thread 0x000001d4316cff70 Uncommon trap: trap_request=0xffffffde fr.pc=0x000001d42167348c relative=0x00000000000005cc
Event: 1.226 Thread 0x000001d4316cff70 Uncommon trap: reason=class_check action=maybe_recompile pc=0x000001d42167348c method=sun.util.logging.PlatformLogger.isLoggable(Lsun/util/logging/PlatformLogger$Level;)Z @ 17 c2
Event: 1.226 Thread 0x000001d4316cff70 DEOPT PACKING pc=0x000001d42167348c sp=0x00000003490fe500
Event: 1.226 Thread 0x000001d4316cff70 DEOPT UNPACKING pc=0x000001d420ea46a2 sp=0x00000003490fe4d8 mode 2
Event: 1.228 Thread 0x000001d431611b50 Uncommon trap: trap_request=0xffffff45 fr.pc=0x000001d4216097a8 relative=0x0000000000000088
Event: 1.228 Thread 0x000001d431611b50 Uncommon trap: reason=unstable_if action=reinterpret pc=0x000001d4216097a8 method=sun.awt.SunToolkit.getAppContext(Ljava/lang/Object;)Lsun/awt/AppContext; @ 4 c2
Event: 1.228 Thread 0x000001d431611b50 DEOPT PACKING pc=0x000001d4216097a8 sp=0x0000000348ffe170
Event: 1.228 Thread 0x000001d431611b50 DEOPT UNPACKING pc=0x000001d420ea46a2 sp=0x0000000348ffe108 mode 2
Event: 1.246 Thread 0x000001d4316cff70 Uncommon trap: trap_request=0xffffff45 fr.pc=0x000001d4215fd118 relative=0x00000000000001f8
Event: 1.246 Thread 0x000001d4316cff70 Uncommon trap: reason=unstable_if action=reinterpret pc=0x000001d4215fd118 method=javax.swing.JComponent.getClientProperty(Ljava/lang/Object;)Ljava/lang/Object; @ 16 c2
Event: 1.246 Thread 0x000001d4316cff70 DEOPT PACKING pc=0x000001d4215fd118 sp=0x00000003490fc990
Event: 1.246 Thread 0x000001d4316cff70 DEOPT UNPACKING pc=0x000001d420ea46a2 sp=0x00000003490fc958 mode 2
Event: 1.247 Thread 0x000001d4316cff70 Uncommon trap: trap_request=0xffffff45 fr.pc=0x000001d42166f96c relative=0x000000000000006c
Event: 1.247 Thread 0x000001d4316cff70 Uncommon trap: reason=unstable_if action=reinterpret pc=0x000001d42166f96c method=java.awt.Component.isValid()Z @ 11 c2
Event: 1.247 Thread 0x000001d4316cff70 DEOPT PACKING pc=0x000001d42166f96c sp=0x00000003490fd190
Event: 1.247 Thread 0x000001d4316cff70 DEOPT UNPACKING pc=0x000001d420ea46a2 sp=0x00000003490fd0d0 mode 2

Classes loaded (20 events):
Event: 1.252 Loading class sun/java2d/marlin/DMarlinRenderingEngine$NormMode$2
Event: 1.252 Loading class sun/java2d/marlin/DMarlinRenderingEngine$NormMode$2 done
Event: 1.252 Loading class sun/java2d/marlin/DMarlinRenderingEngine$NormMode$3
Event: 1.252 Loading class sun/java2d/marlin/DMarlinRenderingEngine$NormMode$3 done
Event: 1.252 Loading class java/awt/geom/Path2D$Float$TxIterator
Event: 1.252 Loading class java/awt/geom/Path2D$Float$TxIterator done
Event: 1.253 Loading class sun/java2d/marlin/Helpers
Event: 1.253 Loading class sun/java2d/marlin/Helpers done
Event: 1.253 Loading class java/awt/geom/QuadCurve2D
Event: 1.254 Loading class java/awt/geom/QuadCurve2D done
Event: 1.272 Loading class java/awt/geom/RoundRectIterator
Event: 1.272 Loading class java/awt/geom/RoundRectIterator done
Event: 1.276 Loading class java/awt/geom/EllipseIterator
Event: 1.276 Loading class java/awt/geom/EllipseIterator done
Event: 1.276 Loading class java/lang/FdLibm$Acos
Event: 1.276 Loading class java/lang/FdLibm$Acos done
Event: 1.276 Loading class java/lang/FdLibm
Event: 1.277 Loading class java/lang/FdLibm done
Event: 1.281 Loading class sun/awt/image/BufImgSurfaceManager
Event: 1.281 Loading class sun/awt/image/BufImgSurfaceManager done

Classes unloaded (0 events):
No events

Classes redefined (0 events):
No events

Internal exceptions (20 events):
Event: 0.544 Thread 0x000001d4316cff70 Exception <a 'java/lang/NoSuchMethodError'{0x0000000717d21060}: 'java.lang.Object java.lang.invoke.DirectMethodHandle$Holder.invokeStatic(java.lang.Object, java.lang.Object, int)'> (0x0000000717d21060) 
thrown [s\open\src\hotspot\share\interpreter\linkResolver.cpp, line 774]
Event: 0.545 Thread 0x000001d4316cff70 Exception <a 'java/lang/NoSuchMethodError'{0x0000000717d2bbb8}: 'void java.lang.invoke.DelegatingMethodHandle$Holder.delegate(java.lang.Object, java.lang.Object, int, java.lang.Object)'> (0x0000000717d2bbb8) 
thrown [s\open\src\hotspot\share\interpreter\linkResolver.cpp, line 774]
Event: 0.546 Thread 0x000001d4316cff70 Exception <a 'java/lang/NoSuchMethodError'{0x0000000717d386a8}: 'java.lang.Object java.lang.invoke.Invokers$Holder.invokeExact_MT(java.lang.Object, java.lang.Object, java.lang.Object, java.lang.Object, java.lang.Object)'> (0x0000000717d386a8) 
thrown [s\open\src\hotspot\share\interpreter\linkResolver.cpp, line 774]
Event: 0.550 Thread 0x000001d4316cff70 Exception <a 'java/lang/NoSuchMethodError'{0x0000000717d5de18}: 'java.lang.Object java.lang.invoke.DirectMethodHandle$Holder.invokeVirtual(java.lang.Object, java.lang.Object, java.lang.Object, java.lang.Object)'> (0x0000000717d5de18) 
thrown [s\open\src\hotspot\share\interpreter\linkResolver.cpp, line 774]
Event: 0.551 Thread 0x000001d4316cff70 Exception <a 'java/lang/NoSuchMethodError'{0x0000000717d65af8}: 'void java.lang.invoke.DirectMethodHandle$Holder.invokeStatic(java.lang.Object, java.lang.Object, java.lang.Object, java.lang.Object)'> (0x0000000717d65af8) 
thrown [s\open\src\hotspot\share\interpreter\linkResolver.cpp, line 774]
Event: 0.560 Thread 0x000001d4316cff70 Exception <a 'java/lang/NoSuchMethodError'{0x0000000717db5f58}: 'int java.lang.invoke.DirectMethodHandle$Holder.invokeStaticInit(java.lang.Object, java.lang.Object, java.lang.Object, java.lang.Object)'> (0x0000000717db5f58) 
thrown [s\open\src\hotspot\share\interpreter\linkResolver.cpp, line 774]
Event: 0.560 Thread 0x000001d4316cff70 Exception <a 'java/lang/NoSuchMethodError'{0x0000000717dbece0}: 'java.lang.Object java.lang.invoke.DirectMethodHandle$Holder.invokeInterface(java.lang.Object, java.lang.Object)'> (0x0000000717dbece0) 
thrown [s\open\src\hotspot\share\interpreter\linkResolver.cpp, line 774]
Event: 0.561 Thread 0x000001d4316cff70 Exception <a 'java/lang/IncompatibleClassChangeError'{0x0000000717dc2298}: Found class java.lang.Object, but interface was expected> (0x0000000717dc2298) 
thrown [s\open\src\hotspot\share\interpreter\linkResolver.cpp, line 841]
Event: 0.561 Thread 0x000001d4316cff70 Exception <a 'java/lang/NoSuchMethodError'{0x0000000717dc4d80}: 'void java.lang.invoke.DirectMethodHandle$Holder.invokeStatic(java.lang.Object, java.lang.Object)'> (0x0000000717dc4d80) 
thrown [s\open\src\hotspot\share\interpreter\linkResolver.cpp, line 774]
Event: 0.561 Thread 0x000001d4316cff70 Exception <a 'java/lang/NoSuchMethodError'{0x0000000717dc8318}: 'void java.lang.invoke.DirectMethodHandle$Holder.invokeStaticInit(java.lang.Object, java.lang.Object)'> (0x0000000717dc8318) 
thrown [s\open\src\hotspot\share\interpreter\linkResolver.cpp, line 774]
Event: 0.562 Thread 0x000001d4316cff70 Exception <a 'java/lang/NoSuchMethodError'{0x0000000717dcda88}: 'int java.lang.invoke.DirectMethodHandle$Holder.invokeStaticInit(java.lang.Object, java.lang.Object)'> (0x0000000717dcda88) 
thrown [s\open\src\hotspot\share\interpreter\linkResolver.cpp, line 774]
Event: 0.639 Thread 0x000001d4316cff70 Exception <a 'java/lang/NoSuchMethodError'{0x0000000717b51cb8}: 'java.lang.Object java.lang.invoke.DirectMethodHandle$Holder.invokeStaticInit(java.lang.Object, int, int, int, int)'> (0x0000000717b51cb8) 
thrown [s\open\src\hotspot\share\interpreter\linkResolver.cpp, line 774]
Event: 0.650 Thread 0x000001d4316cff70 Exception <a 'java/lang/NoSuchMethodError'{0x0000000717b9ed60}: 'java.lang.Object java.lang.invoke.DirectMethodHandle$Holder.invokeStaticInit(java.lang.Object, java.lang.Object, int, int, int, int)'> (0x0000000717b9ed60) 
thrown [s\open\src\hotspot\share\interpreter\linkResolver.cpp, line 774]
Event: 0.679 Thread 0x000001d4316cff70 Exception <a 'sun/nio/fs/WindowsException'{0x00000007179081b0}> (0x00000007179081b0) 
thrown [s\open\src\hotspot\share\prims\jni.cpp, line 520]
Event: 0.710 Thread 0x000001d4316cff70 Exception <a 'java/lang/NoSuchMethodError'{0x0000000717950628}: 'void java.lang.invoke.DirectMethodHandle$Holder.invokeStatic(java.lang.Object, java.lang.Object, java.lang.Object)'> (0x0000000717950628) 
thrown [s\open\src\hotspot\share\interpreter\linkResolver.cpp, line 774]
Event: 0.711 Thread 0x000001d4316cff70 Exception <a 'java/lang/NoSuchMethodError'{0x0000000717956288}: 'void java.lang.invoke.DirectMethodHandle$Holder.invokeVirtual(java.lang.Object, java.lang.Object)'> (0x0000000717956288) 
thrown [s\open\src\hotspot\share\interpreter\linkResolver.cpp, line 774]
Event: 0.711 Thread 0x000001d4316cff70 Implicit null exception at 0x000001d42163ba81 to 0x000001d42163c328
Event: 0.757 Thread 0x000001d4316cff70 Exception <a 'java/lang/NoSuchMethodError'{0x0000000718fb6500}: 'java.lang.Object java.lang.invoke.DirectMethodHandle$Holder.invokeStaticInit(java.lang.Object, java.lang.Object, java.lang.Object)'> (0x0000000718fb6500) 
thrown [s\open\src\hotspot\share\interpreter\linkResolver.cpp, line 774]
Event: 0.792 Thread 0x000001d4316cff70 Implicit null exception at 0x000001d421639d2a to 0x000001d42163a6c8
Event: 0.938 Thread 0x000001d4316cff70 Exception <a 'java/lang/NoSuchMethodError'{0x0000000718b0c4e8}: 'void java.lang.invoke.DirectMethodHandle$Holder.invokeStaticInit(java.lang.Object)'> (0x0000000718b0c4e8) 
thrown [s\open\src\hotspot\share\interpreter\linkResolver.cpp, line 774]

ZGC Phase Switch (0 events):
No events

VM Operations (20 events):
Event: 0.544 Executing VM operation: HandshakeAllThreads (Deoptimize)
Event: 0.544 Executing VM operation: HandshakeAllThreads (Deoptimize) done
Event: 0.620 Executing VM operation: HandshakeAllThreads (Deoptimize)
Event: 0.620 Executing VM operation: HandshakeAllThreads (Deoptimize) done
Event: 0.670 Executing VM operation: HandshakeAllThreads (Deoptimize)
Event: 0.670 Executing VM operation: HandshakeAllThreads (Deoptimize) done
Event: 0.727 Executing VM operation: HandshakeAllThreads (Deoptimize)
Event: 0.727 Executing VM operation: HandshakeAllThreads (Deoptimize) done
Event: 0.730 Executing VM operation: G1CollectForAllocation (G1 Evacuation Pause)
Event: 0.735 Executing VM operation: G1CollectForAllocation (G1 Evacuation Pause) done
Event: 0.744 Executing VM operation: HandshakeAllThreads (Deoptimize)
Event: 0.744 Executing VM operation: HandshakeAllThreads (Deoptimize) done
Event: 0.744 Executing VM operation: HandshakeAllThreads (Deoptimize)
Event: 0.744 Executing VM operation: HandshakeAllThreads (Deoptimize) done
Event: 0.923 Executing VM operation: HandshakeAllThreads (Deoptimize)
Event: 0.923 Executing VM operation: HandshakeAllThreads (Deoptimize) done
Event: 0.966 Executing VM operation: ICBufferFull
Event: 0.966 Executing VM operation: ICBufferFull done
Event: 1.232 Executing VM operation: HandshakeAllThreads (Deoptimize)
Event: 1.232 Executing VM operation: HandshakeAllThreads (Deoptimize) done

Memory protections (0 events):
No events

Nmethod flushes (0 events):
No events

Events (20 events):
Event: 0.024 Thread 0x000001d40f56a430 Thread added: 0x000001d43103b960
Event: 0.027 Thread 0x000001d43103b960 Thread added: 0x000001d43103e240
Event: 0.042 Thread 0x000001d40f56a430 Thread added: 0x000001d431308940
Event: 0.044 Thread 0x000001d40f56a430 Thread added: 0x000001d431317a30
Event: 0.056 Thread 0x000001d43103b960 Thread added: 0x000001d43103abc0
Event: 0.085 Thread 0x000001d43103abc0 Thread added: 0x000001d43103d4a0
Event: 0.142 Thread 0x000001d40f56a430 Thread added: 0x000001d43161d710
Event: 0.143 Thread 0x000001d40f56a430 Thread added: 0x000001d431610ec0
Event: 0.144 Thread 0x000001d40f56a430 Thread added: 0x000001d431611b50
Event: 0.223 Thread 0x000001d40f56a430 Thread added: 0x000001d4316cff70
Event: 0.223 Thread 0x000001d40f56a430 Thread exited: 0x000001d40f56a430
Event: 0.223 Thread 0x000001d40f56a430 Thread added: 0x000001d40f56a430
Event: 0.361 Thread 0x000001d43103abc0 Thread added: 0x000001d43103b290
Event: 0.388 Thread 0x000001d4316cff70 Thread added: 0x000001d47cba3750
Event: 0.463 Thread 0x000001d4316cff70 Thread added: 0x000001d47cc48480
Event: 0.758 Thread 0x000001d4316cff70 Thread added: 0x000001d47ce5e0e0
Event: 0.832 Thread 0x000001d43103b960 Thread added: 0x000001d43103cdd0
Event: 0.832 Thread 0x000001d43103b960 Thread added: 0x000001d43103c700
Event: 0.832 Thread 0x000001d43103b960 Thread added: 0x000001d47d4c1380
Event: 1.227 Thread 0x000001d47d4c1380 Thread exited: 0x000001d47d4c1380


Dynamic libraries:
0x00007ff72a110000 - 0x00007ff72a120000 	C:\Program Files\Java\jdk-22\bin\java.exe
0x00007ff8db810000 - 0x00007ff8dba27000 	C:\WINDOWS\SYSTEM32\ntdll.dll
0x00007ff8da430000 - 0x00007ff8da4f4000 	C:\WINDOWS\System32\KERNEL32.DLL
0x00007ff8d8d30000 - 0x00007ff8d90ea000 	C:\WINDOWS\System32\KERNELBASE.dll
0x00007ff8d90f0000 - 0x00007ff8d9201000 	C:\WINDOWS\System32\ucrtbase.dll
0x00007ff8d3270000 - 0x00007ff8d3287000 	C:\Program Files\Java\jdk-22\bin\jli.dll
0x00007ff8d3290000 - 0x00007ff8d32ab000 	C:\Program Files\Java\jdk-22\bin\VCRUNTIME140.dll
0x00007ff8daff0000 - 0x00007ff8db19e000 	C:\WINDOWS\System32\USER32.dll
0x00007ff8d94d0000 - 0x00007ff8d94f6000 	C:\WINDOWS\System32\win32u.dll
0x00007ff8c3aa0000 - 0x00007ff8c3d32000 	C:\WINDOWS\WinSxS\amd64_microsoft.windows.common-controls_6595b64144ccf1df_6.0.22621.4541_none_2710d1c57384c085\COMCTL32.dll
0x00007ff8d9640000 - 0x00007ff8d9669000 	C:\WINDOWS\System32\GDI32.dll
0x00007ff8d9cb0000 - 0x00007ff8d9d57000 	C:\WINDOWS\System32\msvcrt.dll
0x00007ff8d8c10000 - 0x00007ff8d8d2b000 	C:\WINDOWS\System32\gdi32full.dll
0x00007ff8d93b0000 - 0x00007ff8d944a000 	C:\WINDOWS\System32\msvcp_win.dll
0x00007ff8da500000 - 0x00007ff8da531000 	C:\WINDOWS\System32\IMM32.DLL
0x00007ff8d2920000 - 0x00007ff8d292c000 	C:\Program Files\Java\jdk-22\bin\vcruntime140_1.dll
0x00007ff8c7c90000 - 0x00007ff8c7d1e000 	C:\Program Files\Java\jdk-22\bin\msvcp140.dll
0x00007ff88dc90000 - 0x00007ff88e9d9000 	C:\Program Files\Java\jdk-22\bin\server\jvm.dll
0x00007ff8db420000 - 0x00007ff8db4d2000 	C:\WINDOWS\System32\ADVAPI32.dll
0x00007ff8d9500000 - 0x00007ff8d95a7000 	C:\WINDOWS\System32\sechost.dll
0x00007ff8d9210000 - 0x00007ff8d9238000 	C:\WINDOWS\System32\bcrypt.dll
0x00007ff8db550000 - 0x00007ff8db664000 	C:\WINDOWS\System32\RPCRT4.dll
0x00007ff8d9c30000 - 0x00007ff8d9ca1000 	C:\WINDOWS\System32\WS2_32.dll
0x00007ff8d89a0000 - 0x00007ff8d89ed000 	C:\WINDOWS\SYSTEM32\POWRPROF.dll
0x00007ff8d6440000 - 0x00007ff8d6474000 	C:\WINDOWS\SYSTEM32\WINMM.dll
0x00007ff8d0370000 - 0x00007ff8d037a000 	C:\WINDOWS\SYSTEM32\VERSION.dll
0x00007ff8d8980000 - 0x00007ff8d8993000 	C:\WINDOWS\SYSTEM32\UMPDC.dll
0x00007ff8d7ad0000 - 0x00007ff8d7ae8000 	C:\WINDOWS\SYSTEM32\kernel.appcore.dll
0x00007ff8d2910000 - 0x00007ff8d291a000 	C:\Program Files\Java\jdk-22\bin\jimage.dll
0x00007ff8d61a0000 - 0x00007ff8d63d2000 	C:\WINDOWS\SYSTEM32\DBGHELP.DLL
0x00007ff8da090000 - 0x00007ff8da421000 	C:\WINDOWS\System32\combase.dll
0x00007ff8db6f0000 - 0x00007ff8db7c7000 	C:\WINDOWS\System32\OLEAUT32.dll
0x00007ff8d6400000 - 0x00007ff8d6432000 	C:\WINDOWS\SYSTEM32\dbgcore.DLL
0x00007ff8d8b90000 - 0x00007ff8d8c0b000 	C:\WINDOWS\System32\bcryptPrimitives.dll
0x00007ff8caa40000 - 0x00007ff8caa5e000 	C:\Program Files\Java\jdk-22\bin\java.dll
0x00007ff8da5f0000 - 0x00007ff8dae69000 	C:\WINDOWS\System32\SHELL32.dll
0x00007ff8d9d70000 - 0x00007ff8d9f15000 	C:\WINDOWS\System32\ole32.dll
0x00007ff8d69c0000 - 0x00007ff8d72c9000 	C:\WINDOWS\SYSTEM32\windows.storage.dll
0x00007ff8d6880000 - 0x00007ff8d69bf000 	C:\WINDOWS\SYSTEM32\wintypes.dll
0x00007ff8d9690000 - 0x00007ff8d978a000 	C:\WINDOWS\System32\SHCORE.dll
0x00007ff8db3c0000 - 0x00007ff8db41e000 	C:\WINDOWS\System32\shlwapi.dll
0x00007ff8d8a00000 - 0x00007ff8d8a2b000 	C:\WINDOWS\SYSTEM32\profapi.dll
0x00007ff8be510000 - 0x00007ff8be5e7000 	C:\Program Files\Java\jdk-22\bin\jsvml.dll
0x00007ff8d2900000 - 0x00007ff8d2910000 	C:\Program Files\Java\jdk-22\bin\net.dll
0x00007ff8d7f50000 - 0x00007ff8d7fb9000 	C:\WINDOWS\system32\mswsock.dll
0x00007ff8c7c70000 - 0x00007ff8c7c86000 	C:\Program Files\Java\jdk-22\bin\nio.dll
0x00007ff8c7c50000 - 0x00007ff8c7c67000 	C:\Program Files\Java\jdk-22\bin\zip.dll
0x00007ff8b8f20000 - 0x00007ff8b90ae000 	C:\Program Files\Java\jdk-22\bin\awt.dll
0x00007ff8d20d0000 - 0x00007ff8d2167000 	C:\WINDOWS\SYSTEM32\apphelp.dll
0x00007ff8d59c0000 - 0x00007ff8d5a71000 	C:\WINDOWS\system32\uxtheme.dll
0x00007ff8d9f20000 - 0x00007ff8da081000 	C:\WINDOWS\System32\MSCTF.dll
0x00007ff8d5c30000 - 0x00007ff8d5c5b000 	C:\WINDOWS\system32\DWMAPI.DLL
0x00007ff8c1330000 - 0x00007ff8c13b7000 	C:\Program Files\Java\jdk-22\bin\freetype.dll
0x00007ff8b8d40000 - 0x00007ff8b8e17000 	C:\Program Files\Java\jdk-22\bin\fontmanager.dll
0x00007ff8b8e20000 - 0x00007ff8b8f20000 	C:\WINDOWS\system32\opengl32.dll
0x00007ff8c7c20000 - 0x00007ff8c7c4d000 	C:\WINDOWS\SYSTEM32\GLU32.dll
0x00007ff8d5ac0000 - 0x00007ff8d5af7000 	C:\WINDOWS\SYSTEM32\dxcore.dll
0x00007ff8961e0000 - 0x00007ff896388000 	C:\WINDOWS\system32\d3d9.dll
0x00007ff8ccc40000 - 0x00007ff8ccdfb000 	C:\WINDOWS\System32\DriverStore\FileRepository\u0382030.inf_amd64_c27c1f19988d7c7e\B381533\aticfx64.dll
0x00007ff8c6bb0000 - 0x00007ff8c6be4000 	C:\WINDOWS\System32\DriverStore\FileRepository\u0382030.inf_amd64_c27c1f19988d7c7e\B381533\atiu9p64.dll
0x00007ff88cf30000 - 0x00007ff88dc85000 	C:\WINDOWS\System32\DriverStore\FileRepository\u0382030.inf_amd64_c27c1f19988d7c7e\B381533\atiumd64.dll
0x000000005f9f0000 - 0x0000000060916000 	C:\WINDOWS\System32\DriverStore\FileRepository\u0382030.inf_amd64_c27c1f19988d7c7e\B381533\atiumd6a.dll
0x00007ff8d97b0000 - 0x00007ff8d9c24000 	C:\WINDOWS\System32\SETUPAPI.dll
0x00007ff8cacd0000 - 0x00007ff8cad05000 	C:\WINDOWS\SYSTEM32\amdihk64.dll
0x00007ff8d0280000 - 0x00007ff8d02c9000 	C:\WINDOWS\SYSTEM32\directxdatabasehelper.dll
0x00007ff8d31d0000 - 0x00007ff8d31e0000 	C:\Program Files\Java\jdk-22\bin\verify.dll
0x00007ff8d7560000 - 0x00007ff8d7662000 	C:\WINDOWS\SYSTEM32\DNSAPI.dll
0x00007ff8d7530000 - 0x00007ff8d755d000 	C:\WINDOWS\SYSTEM32\IPHLPAPI.DLL
0x00007ff8db4f0000 - 0x00007ff8db4f9000 	C:\WINDOWS\System32\NSI.dll
0x00007ff8d3c10000 - 0x00007ff8d3c1a000 	C:\Windows\System32\rasadhlp.dll
0x00007ff8d3760000 - 0x00007ff8d37e3000 	C:\WINDOWS\System32\fwpuclnt.dll
0x00007ff8caa30000 - 0x00007ff8caa39000 	C:\Program Files\Java\jdk-22\bin\extnet.dll
0x00007ff8c9cf0000 - 0x00007ff8c9cfa000 	C:\Program Files\Java\jdk-22\bin\management.dll
0x00007ff8c9ce0000 - 0x00007ff8c9ceb000 	C:\Program Files\Java\jdk-22\bin\management_ext.dll
0x00007ff8db4e0000 - 0x00007ff8db4e8000 	C:\WINDOWS\System32\PSAPI.DLL
0x00007ff8d8180000 - 0x00007ff8d819b000 	C:\WINDOWS\SYSTEM32\CRYPTSP.dll
0x00007ff8d7a30000 - 0x00007ff8d7a65000 	C:\WINDOWS\system32\rsaenh.dll
0x00007ff8d8010000 - 0x00007ff8d8038000 	C:\WINDOWS\SYSTEM32\USERENV.dll
0x00007ff8d81a0000 - 0x00007ff8d81ac000 	C:\WINDOWS\SYSTEM32\CRYPTBASE.dll
0x00007ff8da540000 - 0x00007ff8da5f0000 	C:\WINDOWS\System32\clbcatq.dll
0x00007ff8d57e0000 - 0x00007ff8d5990000 	C:\WINDOWS\SYSTEM32\WindowsCodecs.dll
0x00007ff8c1e40000 - 0x00007ff8c1e9e000 	C:\WINDOWS\system32\dataexchange.dll
0x00007ff8d2ca0000 - 0x00007ff8d2f44000 	C:\WINDOWS\system32\twinapi.appcore.dll
0x00007ff8bf3e0000 - 0x00007ff8bf525000 	C:\WINDOWS\SYSTEM32\textinputframework.dll

dbghelp: loaded successfully - version: 4.0.5 - missing functions: none
symbol engine: initialized successfully - sym options: 0x614 - pdb path: .;C:\Program Files\Java\jdk-22\bin;C:\WINDOWS\SYSTEM32;C:\WINDOWS\WinSxS\amd64_microsoft.windows.common-controls_6595b64144ccf1df_6.0.22621.4541_none_2710d1c57384c085;C:\Program Files\Java\jdk-22\bin\server;C:\WINDOWS\System32\DriverStore\FileRepository\u0382030.inf_amd64_c27c1f19988d7c7e\B381533

VM Arguments:
java_command: com.pages.AdminDashBoard
java_class_path (initial): C:\Users\loena\OneDrive\Documents\NetBeansProjects\capstoneproject\target\classes;C:\Users\loena\.m2\repository\org\postgresql\postgresql\42.7.3\postgresql-42.7.3.jar;C:\Users\loena\.m2\repository\org\checkerframework\checker-qual\3.42.0\checker-qual-3.42.0.jar;C:\Users\loena\.m2\repository\org\netbeans\external\AbsoluteLayout\RELEASE180\AbsoluteLayout-RELEASE180.jar;C:\Users\loena\.m2\repository\com\google\zxing\core\3.3.0\core-3.3.0.jar;C:\Users\loena\.m2\repository\com\google\zxing\javase\3.3.0\javase-3.3.0.jar;C:\Users\loena\.m2\repository\com\beust\jcommander\1.48\jcommander-1.48.jar;C:\Users\loena\.m2\repository\com\github\jai-imageio\jai-imageio-core\1.3.1\jai-imageio-core-1.3.1.jar;C:\Users\loena\.m2\repository\com\sun\mail\javax.mail\1.6.2\javax.mail-1.6.2.jar;C:\Users\loena\.m2\repository\javax\activation\activation\1.1.1\activation-1.1.1.jar;C:\Users\loena\.m2\repository\com\toedter\jcalendar\1.4\jcalendar-1.4.jar;C:\Users\loena\.m2\repository\com\formdev\flatlaf\2.5\flatlaf-2.5.jar;C:\Users\loena\.m2\repository\org\jfree\jfreechart\1.5.3\jfreechart-1.5.3.jar;C:\Users\loena\.m2\repository\org\jfree\jcommon\1.0.24\jcommon-1.0.24.jar;C:\Users\loena\.m2\repository\org\apache\poi\poi-ooxml\5.2.3\poi-ooxml-5.2.3.jar;C:\Users\loena\.m2\repository\org\apache\poi\poi-ooxml-lite\5.2.3\poi-ooxml-lite-5.2.3.jar;C:\Users\loena\.m2\repository\org\apache\commons\commons-compress\1.21\commons-compress-1.21.jar;C:\Users\loena\.m2\repository\commons-io\commons-io\2.11.0\commons-io-2.11.0.jar;C:\Users\loena\.m2\repository\com\github\virtuald\curvesapi\1.07\curvesapi-1.07.jar;C:\Users\loena\.m2\repository\org\apache\commons\commons-collections4\4.4\commons-collections4-4.4.jar;C:\Users\loena\.m2\repository\org\apache\poi\poi\5.2.3\poi-5.2.3.jar;C:\Users\loena\.m2\repository\commons-codec\commons-codec\1.15\commons-codec-1.15.jar;C:\Users\loena\.m2\repository\org\apache\commons\commons-math3\3.6.1\commons-math3-3.6.1.jar;C:\Users\loena\.m2\repository\com\zaxxer\SparseBitSet\1.2\SparseBitSet-1.2.jar;C:\Users\loena\.m2\repository\org\apache\xmlbeans\xmlbeans\5.1.1\xmlbeans-5.1.1.jar;C:\Users\loena\.m2\repository\org\apache\logging\log4j\log4j-api\2.20.0\log4j-api-2.20.0.jar;C:\Users\loena\.m2\repository\org\apache\logging\log4j\log4j-core\2.20.0\log4j-core-2.20.0.jar;C:\Users\loena\.m2\repository\org\apache\pdfbox\pdfbox\2.0.24\pdfbox-2.0.24.jar;C:\Users\loena\.m2\repository\org\apache\pdfbox\fontbox\2.0.24\fontbox-2.0.24.jar;C:\Users\loena\.m2\repository\commons-logging\commons-logging\1.2\commons-logging-1.2.jar
Launcher Type: SUN_STANDARD

[Global flags]
     intx CICompilerCount                          = 12                                        {product} {ergonomic}
     uint ConcGCThreads                            = 3                                         {product} {ergonomic}
     uint G1ConcRefinementThreads                  = 13                                        {product} {ergonomic}
   size_t G1HeapRegionSize                         = 2097152                                   {product} {ergonomic}
   size_t InitialHeapSize                          = 260046848                                 {product} {ergonomic}
   size_t MarkStackSize                            = 4194304                                   {product} {ergonomic}
   size_t MaxHeapSize                              = 4135583744                                {product} {ergonomic}
   size_t MaxNewSize                               = 2480930816                                {product} {ergonomic}
   size_t MinHeapDeltaBytes                        = 2097152                                   {product} {ergonomic}
   size_t MinHeapSize                              = 8388608                                   {product} {ergonomic}
    uintx NonNMethodCodeHeapSize                   = 7602480                                {pd product} {ergonomic}
    uintx NonProfiledCodeHeapSize                  = 122027880                              {pd product} {ergonomic}
    uintx ProfiledCodeHeapSize                     = 122027880                              {pd product} {ergonomic}
    uintx ReservedCodeCacheSize                    = 251658240                              {pd product} {ergonomic}
     bool SegmentedCodeCache                       = true                                      {product} {ergonomic}
   size_t SoftMaxHeapSize                          = 4135583744                             {manageable} {ergonomic}
     bool UseCompressedOops                        = true                           {product lp64_product} {ergonomic}
     bool UseG1GC                                  = true                                      {product} {ergonomic}
     bool UseLargePagesIndividualAllocation        = false                                  {pd product} {ergonomic}

Logging:
Log output configuration:
 #0: stdout all=warning uptime,level,tags foldmultilines=false
 #1: stderr all=off uptime,level,tags foldmultilines=false

Environment Variables:
JAVA_HOME=C:\Program Files\Java\jdk-22
PATH=C:\Program Files\Common Files\Oracle\Java\javapath;C:\Program Files\Python311\Scripts\;C:\Program Files\Python311\;C:\Windows\system32;C:\Windows;C:\Windows\System32\Wbem;C:\Windows\System32\WindowsPowerShell\v1.0\;C:\Windows\System32\OpenSSH\;C:\Program Files (x86)\NVIDIA Corporation\PhysX\Common;C:\Program Files\NVIDIA Corporation\NVIDIA NvDLISR;C:\WINDOWS\system32;C:\WINDOWS;C:\WINDOWS\System32\Wbem;C:\WINDOWS\System32\WindowsPowerShell\v1.0\;C:\WINDOWS\System32\OpenSSH\;C:\Program Files\nodejs\;C:\Program Files\Git\cmd;C:\Program Files\Java\jdk-19\bin;C:\xampp\php;C:\ProgramData\ComposerSetup\bin;C:\Users\loena\AppData\Local\Microsoft\WindowsApps;C:\Users\loena\AppData\Local\Programs\Microsoft VS Code\bin;C:\Users\loena\AppData\Roaming\npm;C:\Users\loena\AppData\Roaming\Composer\vendor\bin
USERNAME=loena
OS=Windows_NT
PROCESSOR_IDENTIFIER=AMD64 Family 25 Model 80 Stepping 0, AuthenticAMD
TMP=C:\Users\loena\AppData\Local\Temp
TEMP=C:\Users\loena\AppData\Local\Temp




Periodic native trim disabled

---------------  S Y S T E M  ---------------

OS:
 Windows 11 , 64 bit Build 22621 (10.0.22621.4391)
OS uptime: 4 days 0:39 hours
Hyper-V role detected

CPU: total 16 (initial active 16) (16 cores per cpu, 2 threads per core) family 25 model 80 stepping 0 microcode 0x0, cx8, cmov, fxsr, ht, mmx, 3dnowpref, sse, sse2, sse3, ssse3, sse4a, sse4.1, sse4.2, popcnt, lzcnt, tsc, tscinvbit, avx, avx2, aes, erms, clmul, bmi1, bmi2, adx, sha, fma, vzeroupper, clflush, clflushopt, hv, rdtscp, rdpid, fsrm, f16c, cet_ss
Processor Information for all 16 processors :
  Max Mhz: 3201, Current Mhz: 3201, Mhz Limit: 3201

Memory: 4k page, system-wide physical 15775M (1522M free)
TotalPageFile size 18775M (AvailPageFile size 4M)
current process WorkingSet (physical memory assigned to process): 164M, peak: 164M
current process commit charge ("private bytes"): 447M, peak: 452M

vm_info: Java HotSpot(TM) 64-Bit Server VM (22.0.2+9-70) for windows-amd64 JRE (22.0.2+9-70), built on 2024-06-04T16:52:23Z by "mach5one" with MS VC++ 17.6 (VS2022)

END.
