#
# There is insufficient memory for the Java Runtime Environment to continue.
# Native memory allocation (malloc) failed to allocate 637616 bytes. Error detail: Chunk::new
# Possible reasons:
#   The system is out of physical RAM or swap space
#   This process is running with CompressedOops enabled, and the Java Heap may be blocking the growth of the native heap
# Possible solutions:
#   Reduce memory load on the system
#   Increase physical memory or swap space
#   Check if swap backing store is full
#   Decrease Java heap size (-Xmx/-Xms)
#   Decrease number of Java threads
#   Decrease Java thread stack sizes (-Xss)
#   Set larger code cache with -XX:ReservedCodeCacheSize=
#   JVM is running with Zero Based Compressed Oops mode in which the Java heap is
#     placed in the first 32GB address space. The Java Heap base address is the
#     maximum limit for the native heap growth. Please use -XX:HeapBaseMinAddress
#     to set the Java Heap base and to place the Java Heap above 32GB virtual address.
# This output file may be truncated or incomplete.
#
#  Out of Memory Error (arena.cpp:150), pid=12836, tid=12772
#
# JRE version: Java(TM) SE Runtime Environment (22.0.2+9) (build 22.0.2+9-70)
# Java VM: Java HotSpot(TM) 64-Bit Server VM (22.0.2+9-70, mixed mode, sharing, tiered, compressed oops, compressed class ptrs, g1 gc, windows-amd64)
# No core dump will be written. Minidumps are not enabled by default on client versions of Windows
#

---------------  S U M M A R Y ------------

Command Line: com.pages.AdminDashBoard

Host: AMD Ryzen 7 5800HS with Radeon Graphics         , 16 cores, 15G,  Windows 11 , 64 bit Build 22621 (10.0.22621.4391)
Time: Wed Jan 22 21:05:34 2025 Malay Peninsula Standard Time elapsed time: 3.525780 seconds (0d 0h 0m 3s)

---------------  T H R E A D  ---------------

Current thread (0x000001fb83879cb0):  JavaThread "C2 CompilerThread1" daemon [_thread_in_native, id=12772, stack(0x000000967d600000,0x000000967d700000) (1024K)]


Current CompileTask:
C2:3525 3362       4       sun.java2d.marlin.MarlinTileGenerator::getAlphaRLE (1749 bytes)

Stack: [0x000000967d600000,0x000000967d700000]
Native frames: (J=compiled Java code, j=interpreted, Vv=VM code, C=native code)
V  [jvm.dll+0x6e26e9]  (no source info available)
V  [jvm.dll+0x875753]  (no source info available)
V  [jvm.dll+0x877b7e]  (no source info available)
V  [jvm.dll+0x878253]  (no source info available)
V  [jvm.dll+0x27fc86]  (no source info available)
V  [jvm.dll+0xc3d0f]  (no source info available)
V  [jvm.dll+0xc3f6b]  (no source info available)
V  [jvm.dll+0x2f3c7f]  (no source info available)
V  [jvm.dll+0x60c0fa]  (no source info available)
V  [jvm.dll+0x249915]  (no source info available)
V  [jvm.dll+0x246da6]  (no source info available)
V  [jvm.dll+0x1c4e80]  (no source info available)
V  [jvm.dll+0x2568f3]  (no source info available)
V  [jvm.dll+0x254baa]  (no source info available)
V  [jvm.dll+0x3f57a6]  (no source info available)
V  [jvm.dll+0x81dc0b]  (no source info available)
V  [jvm.dll+0x6e0d85]  (no source info available)
C  [ucrtbase.dll+0x29333]  (no source info available)
C  [KERNEL32.DLL+0x1259d]  (no source info available)
C  [ntdll.dll+0x5af38]  (no source info available)


---------------  P R O C E S S  ---------------

Threads class SMR info:
_java_thread_list=0x000001fb82a2f800, length=23, elements={
0x000001fbb5ce59a0, 0x000001fbb5ce66c0, 0x000001fbb5ceccb0, 0x000001fbb5cedba0,
0x000001fbb5cee600, 0x000001fbb5cf8490, 0x000001fbb5cfe810, 0x000001fbb69e07b0,
0x000001fbb6aacb90, 0x000001fbb6b9f290, 0x000001fbb6ba3d50, 0x000001fbfc09ec70,
0x000001fbfc0c5d00, 0x000001fbfc0c7b90, 0x000001fbfc1332d0, 0x000001fb94d980b0,
0x000001fb8242eb70, 0x000001fb8242f230, 0x000001fb824c0e20, 0x000001fb826b7f70,
0x000001fb82af9f90, 0x000001fb83879cb0, 0x000001fb829db080
}

Java Threads: ( => current thread )
  0x000001fbb5ce59a0 JavaThread "Reference Handler"          daemon [_thread_blocked, id=15996, stack(0x000000967cb00000,0x000000967cc00000) (1024K)]
  0x000001fbb5ce66c0 JavaThread "Finalizer"                  daemon [_thread_blocked, id=14756, stack(0x000000967cc00000,0x000000967cd00000) (1024K)]
  0x000001fbb5ceccb0 JavaThread "Signal Dispatcher"          daemon [_thread_blocked, id=12436, stack(0x000000967cd00000,0x000000967ce00000) (1024K)]
  0x000001fbb5cedba0 JavaThread "Attach Listener"            daemon [_thread_blocked, id=7832, stack(0x000000967ce00000,0x000000967cf00000) (1024K)]
  0x000001fbb5cee600 JavaThread "Service Thread"             daemon [_thread_blocked, id=15912, stack(0x000000967cf00000,0x000000967d000000) (1024K)]
  0x000001fbb5cf8490 JavaThread "Monitor Deflation Thread"   daemon [_thread_blocked, id=12900, stack(0x000000967d000000,0x000000967d100000) (1024K)]
  0x000001fbb5cfe810 JavaThread "C2 CompilerThread0"         daemon [_thread_in_native, id=10372, stack(0x000000967d100000,0x000000967d200000) (1024K)]
  0x000001fbb69e07b0 JavaThread "C1 CompilerThread0"         daemon [_thread_blocked, id=11480, stack(0x000000967d200000,0x000000967d300000) (1024K)]
  0x000001fbb6aacb90 JavaThread "C1 CompilerThread1"         daemon [_thread_blocked, id=6136, stack(0x000000967d300000,0x000000967d400000) (1024K)]
  0x000001fbb6b9f290 JavaThread "Notification Thread"        daemon [_thread_blocked, id=5824, stack(0x000000967d400000,0x000000967d500000) (1024K)]
  0x000001fbb6ba3d50 JavaThread "Common-Cleaner"             daemon [_thread_blocked, id=9332, stack(0x000000967d500000,0x000000967d600000) (1024K)]
  0x000001fbfc09ec70 JavaThread "Java2D Disposer"            daemon [_thread_blocked, id=14192, stack(0x000000967d700000,0x000000967d800000) (1024K)]
  0x000001fbfc0c5d00 JavaThread "AWT-Shutdown"                      [_thread_blocked, id=17580, stack(0x000000967d800000,0x000000967d900000) (1024K)]
  0x000001fbfc0c7b90 JavaThread "AWT-Windows"                daemon [_thread_in_native, id=11408, stack(0x000000967d900000,0x000000967da00000) (1024K)]
  0x000001fbfc1332d0 JavaThread "AWT-EventQueue-0"                  [_thread_in_native, id=1904, stack(0x000000967da00000,0x000000967db00000) (1024K)]
  0x000001fb94d980b0 JavaThread "DestroyJavaVM"                     [_thread_blocked, id=6280, stack(0x000000967c300000,0x000000967c400000) (1024K)]
  0x000001fb8242eb70 JavaThread "C1 CompilerThread2"         daemon [_thread_blocked, id=6436, stack(0x000000967e700000,0x000000967e800000) (1024K)]
  0x000001fb8242f230 JavaThread "C1 CompilerThread3"         daemon [_thread_blocked, id=5496, stack(0x000000967e800000,0x000000967e900000) (1024K)]
  0x000001fb824c0e20 JavaThread "TimerQueue"                 daemon [_thread_blocked, id=8492, stack(0x000000967e900000,0x000000967ea00000) (1024K)]
  0x000001fb826b7f70 JavaThread "Image Fetcher 0"            daemon [_thread_blocked, id=1652, stack(0x000000967ea00000,0x000000967eb00000) (1024K)]
  0x000001fb82af9f90 JavaThread "PostgreSQL-JDBC-Cleaner"    daemon [_thread_blocked, id=14640, stack(0x000000967f900000,0x000000967fa00000) (1024K)]
=>0x000001fb83879cb0 JavaThread "C2 CompilerThread1"         daemon [_thread_in_native, id=12772, stack(0x000000967d600000,0x000000967d700000) (1024K)]
  0x000001fb829db080 JavaThread "C2 CompilerThread2"         daemon [_thread_in_native, id=8428, stack(0x000000967ec00000,0x000000967ed00000) (1024K)]
Total: 23

Other Threads:
  0x000001fbb5cc9ad0 VMThread "VM Thread"                           [id=19236, stack(0x000000967ca00000,0x000000967cb00000) (1024K)]
  0x000001fbb5caee40 WatcherThread "VM Periodic Task Thread"        [id=8020, stack(0x000000967c900000,0x000000967ca00000) (1024K)]
  0x000001fb97058340 WorkerThread "GC Thread#0"                     [id=10376, stack(0x000000967c400000,0x000000967c500000) (1024K)]
  0x000001fb82807050 WorkerThread "GC Thread#1"                     [id=14916, stack(0x000000967ed00000,0x000000967ee00000) (1024K)]
  0x000001fb825f44b0 WorkerThread "GC Thread#2"                     [id=6848, stack(0x000000967ee00000,0x000000967ef00000) (1024K)]
  0x000001fb825f4860 WorkerThread "GC Thread#3"                     [id=1468, stack(0x000000967ef00000,0x000000967f000000) (1024K)]
  0x000001fb825f4c10 WorkerThread "GC Thread#4"                     [id=18880, stack(0x000000967f000000,0x000000967f100000) (1024K)]
  0x000001fb82520fb0 WorkerThread "GC Thread#5"                     [id=15760, stack(0x000000967f100000,0x000000967f200000) (1024K)]
  0x000001fb825afc80 WorkerThread "GC Thread#6"                     [id=14924, stack(0x000000967f200000,0x000000967f300000) (1024K)]
  0x000001fb8250eb90 WorkerThread "GC Thread#7"                     [id=14244, stack(0x000000967f300000,0x000000967f400000) (1024K)]
  0x000001fb82948e40 WorkerThread "GC Thread#8"                     [id=17080, stack(0x000000967f400000,0x000000967f500000) (1024K)]
  0x000001fb829491f0 WorkerThread "GC Thread#9"                     [id=2668, stack(0x000000967f500000,0x000000967f600000) (1024K)]
  0x000001fb8279e7f0 WorkerThread "GC Thread#10"                    [id=3396, stack(0x000000967f600000,0x000000967f700000) (1024K)]
  0x000001fb8279eba0 WorkerThread "GC Thread#11"                    [id=14792, stack(0x000000967f700000,0x000000967f800000) (1024K)]
  0x000001fb82945e20 WorkerThread "GC Thread#12"                    [id=14836, stack(0x000000967f800000,0x000000967f900000) (1024K)]
  0x000001fb97068b60 ConcurrentGCThread "G1 Main Marker"            [id=13784, stack(0x000000967c500000,0x000000967c600000) (1024K)]
  0x000001fb97069670 WorkerThread "G1 Conc#0"                       [id=11292, stack(0x000000967c600000,0x000000967c700000) (1024K)]
  0x000001fbb5b7dfe0 ConcurrentGCThread "G1 Refine#0"               [id=6368, stack(0x000000967c700000,0x000000967c800000) (1024K)]
  0x000001fbb5b7f980 ConcurrentGCThread "G1 Service"                [id=7916, stack(0x000000967c800000,0x000000967c900000) (1024K)]
Total: 19

Threads with active compile tasks:
C2 CompilerThread0  3560 3488       4       sun.java2d.pipe.BufferedContext::validate (575 bytes)
C2 CompilerThread1  3560 3362       4       sun.java2d.marlin.MarlinTileGenerator::getAlphaRLE (1749 bytes)
C2 CompilerThread2  3560 3485   !   4       sun.java2d.pipe.BufferedMaskFill::MaskFill (247 bytes)
Total: 3

VM state: not at safepoint (normal execution)

VM Mutex/Monitor currently owned by a thread: None

Heap address: 0x0000000709800000, size: 3944 MB, Compressed Oops mode: Zero based, Oop shift amount: 3

CDS archive(s) mapped at: [0x000001fbb7000000-0x000001fbb7c60000-0x000001fbb7c60000), size 12976128, SharedBaseAddress: 0x000001fbb7000000, ArchiveRelocationMode: 1.
Compressed class space mapped at: 0x000001fbb8000000-0x000001fbf8000000, reserved size: 1073741824
Narrow klass base: 0x000001fbb7000000, Narrow klass shift: 0, Narrow klass range: 0x41000000

GC Precious Log:
 CardTable entry size: 512
 Card Set container configuration: InlinePtr #cards 4 size 8 Array Of Cards #cards 16 size 48 Howl #buckets 8 coarsen threshold 3686 Howl Bitmap #cards 512 size 80 coarsen threshold 460 Card regions per heap region 1 cards per card region 4096
 CPUs: 16 total, 16 available
 Memory: 15775M
 Large Page Support: Disabled
 NUMA Support: Disabled
 Compressed Oops: Enabled (Zero based)
 Heap Region Size: 2M
 Heap Min Capacity: 8M
 Heap Initial Capacity: 248M
 Heap Max Capacity: 3944M
 Pre-touch: Disabled
 Parallel Workers: 13
 Concurrent Workers: 3
 Concurrent Refinement Workers: 13
 Periodic GC: Disabled

Heap:
 garbage-first heap   total reserved 4038656K, committed 253952K, used 17908K [0x0000000709800000, 0x0000000800000000)
  region size 2048K, 8 young (16384K), 2 survivors (4096K)
 Metaspace       used 18550K, committed 18816K, reserved 1114112K
  class space    used 2149K, committed 2304K, reserved 1048576K

Heap Regions: E=young(eden), S=young(survivor), O=old, HS=humongous(starts), HC=humongous(continues), CS=collection set, F=free, TAMS=top-at-mark-start, PB=parsable bottom
|   0|0x0000000709800000, 0x0000000709a00000, 0x0000000709a00000|100%| O|  |TAMS 0x0000000709800000| PB 0x0000000709800000| Untracked |  0
|   1|0x0000000709a00000, 0x0000000709b7d380, 0x0000000709c00000| 74%| O|  |TAMS 0x0000000709a00000| PB 0x0000000709a00000| Untracked |  0
|   2|0x0000000709c00000, 0x0000000709c00000, 0x0000000709e00000|  0%| F|  |TAMS 0x0000000709c00000| PB 0x0000000709c00000| Untracked |  0
|   3|0x0000000709e00000, 0x0000000709e00000, 0x000000070a000000|  0%| F|  |TAMS 0x0000000709e00000| PB 0x0000000709e00000| Untracked |  0
|   4|0x000000070a000000, 0x000000070a000000, 0x000000070a200000|  0%| F|  |TAMS 0x000000070a000000| PB 0x000000070a000000| Untracked |  0
|   5|0x000000070a200000, 0x000000070a200000, 0x000000070a400000|  0%| F|  |TAMS 0x000000070a200000| PB 0x000000070a200000| Untracked |  0
|   6|0x000000070a400000, 0x000000070a400000, 0x000000070a600000|  0%| F|  |TAMS 0x000000070a400000| PB 0x000000070a400000| Untracked |  0
|   7|0x000000070a600000, 0x000000070a600000, 0x000000070a800000|  0%| F|  |TAMS 0x000000070a600000| PB 0x000000070a600000| Untracked |  0
|   8|0x000000070a800000, 0x000000070a800000, 0x000000070aa00000|  0%| F|  |TAMS 0x000000070a800000| PB 0x000000070a800000| Untracked |  0
|   9|0x000000070aa00000, 0x000000070aa00000, 0x000000070ac00000|  0%| F|  |TAMS 0x000000070aa00000| PB 0x000000070aa00000| Untracked |  0
|  10|0x000000070ac00000, 0x000000070ac00000, 0x000000070ae00000|  0%| F|  |TAMS 0x000000070ac00000| PB 0x000000070ac00000| Untracked |  0
|  11|0x000000070ae00000, 0x000000070ae00000, 0x000000070b000000|  0%| F|  |TAMS 0x000000070ae00000| PB 0x000000070ae00000| Untracked |  0
|  12|0x000000070b000000, 0x000000070b000000, 0x000000070b200000|  0%| F|  |TAMS 0x000000070b000000| PB 0x000000070b000000| Untracked |  0
|  13|0x000000070b200000, 0x000000070b200000, 0x000000070b400000|  0%| F|  |TAMS 0x000000070b200000| PB 0x000000070b200000| Untracked |  0
|  14|0x000000070b400000, 0x000000070b400000, 0x000000070b600000|  0%| F|  |TAMS 0x000000070b400000| PB 0x000000070b400000| Untracked |  0
|  15|0x000000070b600000, 0x000000070b600000, 0x000000070b800000|  0%| F|  |TAMS 0x000000070b600000| PB 0x000000070b600000| Untracked |  0
|  16|0x000000070b800000, 0x000000070b800000, 0x000000070ba00000|  0%| F|  |TAMS 0x000000070b800000| PB 0x000000070b800000| Untracked |  0
|  17|0x000000070ba00000, 0x000000070ba00000, 0x000000070bc00000|  0%| F|  |TAMS 0x000000070ba00000| PB 0x000000070ba00000| Untracked |  0
|  18|0x000000070bc00000, 0x000000070bc00000, 0x000000070be00000|  0%| F|  |TAMS 0x000000070bc00000| PB 0x000000070bc00000| Untracked |  0
|  19|0x000000070be00000, 0x000000070be00000, 0x000000070c000000|  0%| F|  |TAMS 0x000000070be00000| PB 0x000000070be00000| Untracked |  0
|  20|0x000000070c000000, 0x000000070c000000, 0x000000070c200000|  0%| F|  |TAMS 0x000000070c000000| PB 0x000000070c000000| Untracked |  0
|  21|0x000000070c200000, 0x000000070c200000, 0x000000070c400000|  0%| F|  |TAMS 0x000000070c200000| PB 0x000000070c200000| Untracked |  0
|  22|0x000000070c400000, 0x000000070c400000, 0x000000070c600000|  0%| F|  |TAMS 0x000000070c400000| PB 0x000000070c400000| Untracked |  0
|  23|0x000000070c600000, 0x000000070c600000, 0x000000070c800000|  0%| F|  |TAMS 0x000000070c600000| PB 0x000000070c600000| Untracked |  0
|  24|0x000000070c800000, 0x000000070c800000, 0x000000070ca00000|  0%| F|  |TAMS 0x000000070c800000| PB 0x000000070c800000| Untracked |  0
|  25|0x000000070ca00000, 0x000000070ca00000, 0x000000070cc00000|  0%| F|  |TAMS 0x000000070ca00000| PB 0x000000070ca00000| Untracked |  0
|  26|0x000000070cc00000, 0x000000070cc00000, 0x000000070ce00000|  0%| F|  |TAMS 0x000000070cc00000| PB 0x000000070cc00000| Untracked |  0
|  27|0x000000070ce00000, 0x000000070ce00000, 0x000000070d000000|  0%| F|  |TAMS 0x000000070ce00000| PB 0x000000070ce00000| Untracked |  0
|  28|0x000000070d000000, 0x000000070d000000, 0x000000070d200000|  0%| F|  |TAMS 0x000000070d000000| PB 0x000000070d000000| Untracked |  0
|  29|0x000000070d200000, 0x000000070d200000, 0x000000070d400000|  0%| F|  |TAMS 0x000000070d200000| PB 0x000000070d200000| Untracked |  0
|  30|0x000000070d400000, 0x000000070d400000, 0x000000070d600000|  0%| F|  |TAMS 0x000000070d400000| PB 0x000000070d400000| Untracked |  0
|  31|0x000000070d600000, 0x000000070d600000, 0x000000070d800000|  0%| F|  |TAMS 0x000000070d600000| PB 0x000000070d600000| Untracked |  0
|  32|0x000000070d800000, 0x000000070d800000, 0x000000070da00000|  0%| F|  |TAMS 0x000000070d800000| PB 0x000000070d800000| Untracked |  0
|  33|0x000000070da00000, 0x000000070da00000, 0x000000070dc00000|  0%| F|  |TAMS 0x000000070da00000| PB 0x000000070da00000| Untracked |  0
|  34|0x000000070dc00000, 0x000000070dc00000, 0x000000070de00000|  0%| F|  |TAMS 0x000000070dc00000| PB 0x000000070dc00000| Untracked |  0
|  35|0x000000070de00000, 0x000000070de00000, 0x000000070e000000|  0%| F|  |TAMS 0x000000070de00000| PB 0x000000070de00000| Untracked |  0
|  36|0x000000070e000000, 0x000000070e000000, 0x000000070e200000|  0%| F|  |TAMS 0x000000070e000000| PB 0x000000070e000000| Untracked |  0
|  37|0x000000070e200000, 0x000000070e200000, 0x000000070e400000|  0%| F|  |TAMS 0x000000070e200000| PB 0x000000070e200000| Untracked |  0
|  38|0x000000070e400000, 0x000000070e400000, 0x000000070e600000|  0%| F|  |TAMS 0x000000070e400000| PB 0x000000070e400000| Untracked |  0
|  39|0x000000070e600000, 0x000000070e600000, 0x000000070e800000|  0%| F|  |TAMS 0x000000070e600000| PB 0x000000070e600000| Untracked |  0
|  40|0x000000070e800000, 0x000000070e800000, 0x000000070ea00000|  0%| F|  |TAMS 0x000000070e800000| PB 0x000000070e800000| Untracked |  0
|  41|0x000000070ea00000, 0x000000070ea00000, 0x000000070ec00000|  0%| F|  |TAMS 0x000000070ea00000| PB 0x000000070ea00000| Untracked |  0
|  42|0x000000070ec00000, 0x000000070ec00000, 0x000000070ee00000|  0%| F|  |TAMS 0x000000070ec00000| PB 0x000000070ec00000| Untracked |  0
|  43|0x000000070ee00000, 0x000000070ee00000, 0x000000070f000000|  0%| F|  |TAMS 0x000000070ee00000| PB 0x000000070ee00000| Untracked |  0
|  44|0x000000070f000000, 0x000000070f000000, 0x000000070f200000|  0%| F|  |TAMS 0x000000070f000000| PB 0x000000070f000000| Untracked |  0
|  45|0x000000070f200000, 0x000000070f200000, 0x000000070f400000|  0%| F|  |TAMS 0x000000070f200000| PB 0x000000070f200000| Untracked |  0
|  46|0x000000070f400000, 0x000000070f400000, 0x000000070f600000|  0%| F|  |TAMS 0x000000070f400000| PB 0x000000070f400000| Untracked |  0
|  47|0x000000070f600000, 0x000000070f600000, 0x000000070f800000|  0%| F|  |TAMS 0x000000070f600000| PB 0x000000070f600000| Untracked |  0
|  48|0x000000070f800000, 0x000000070f800000, 0x000000070fa00000|  0%| F|  |TAMS 0x000000070f800000| PB 0x000000070f800000| Untracked |  0
|  49|0x000000070fa00000, 0x000000070fa00000, 0x000000070fc00000|  0%| F|  |TAMS 0x000000070fa00000| PB 0x000000070fa00000| Untracked |  0
|  50|0x000000070fc00000, 0x000000070fc00000, 0x000000070fe00000|  0%| F|  |TAMS 0x000000070fc00000| PB 0x000000070fc00000| Untracked |  0
|  51|0x000000070fe00000, 0x000000070fe00000, 0x0000000710000000|  0%| F|  |TAMS 0x000000070fe00000| PB 0x000000070fe00000| Untracked |  0
|  52|0x0000000710000000, 0x0000000710000000, 0x0000000710200000|  0%| F|  |TAMS 0x0000000710000000| PB 0x0000000710000000| Untracked |  0
|  53|0x0000000710200000, 0x0000000710200000, 0x0000000710400000|  0%| F|  |TAMS 0x0000000710200000| PB 0x0000000710200000| Untracked |  0
|  54|0x0000000710400000, 0x0000000710400000, 0x0000000710600000|  0%| F|  |TAMS 0x0000000710400000| PB 0x0000000710400000| Untracked |  0
|  55|0x0000000710600000, 0x0000000710600000, 0x0000000710800000|  0%| F|  |TAMS 0x0000000710600000| PB 0x0000000710600000| Untracked |  0
|  56|0x0000000710800000, 0x0000000710800000, 0x0000000710a00000|  0%| F|  |TAMS 0x0000000710800000| PB 0x0000000710800000| Untracked |  0
|  57|0x0000000710a00000, 0x0000000710a00000, 0x0000000710c00000|  0%| F|  |TAMS 0x0000000710a00000| PB 0x0000000710a00000| Untracked |  0
|  58|0x0000000710c00000, 0x0000000710c00000, 0x0000000710e00000|  0%| F|  |TAMS 0x0000000710c00000| PB 0x0000000710c00000| Untracked |  0
|  59|0x0000000710e00000, 0x0000000710e00000, 0x0000000711000000|  0%| F|  |TAMS 0x0000000710e00000| PB 0x0000000710e00000| Untracked |  0
|  60|0x0000000711000000, 0x0000000711000000, 0x0000000711200000|  0%| F|  |TAMS 0x0000000711000000| PB 0x0000000711000000| Untracked |  0
|  61|0x0000000711200000, 0x0000000711200000, 0x0000000711400000|  0%| F|  |TAMS 0x0000000711200000| PB 0x0000000711200000| Untracked |  0
|  62|0x0000000711400000, 0x0000000711400000, 0x0000000711600000|  0%| F|  |TAMS 0x0000000711400000| PB 0x0000000711400000| Untracked |  0
|  63|0x0000000711600000, 0x0000000711600000, 0x0000000711800000|  0%| F|  |TAMS 0x0000000711600000| PB 0x0000000711600000| Untracked |  0
|  64|0x0000000711800000, 0x0000000711800000, 0x0000000711a00000|  0%| F|  |TAMS 0x0000000711800000| PB 0x0000000711800000| Untracked |  0
|  65|0x0000000711a00000, 0x0000000711a00000, 0x0000000711c00000|  0%| F|  |TAMS 0x0000000711a00000| PB 0x0000000711a00000| Untracked |  0
|  66|0x0000000711c00000, 0x0000000711c00000, 0x0000000711e00000|  0%| F|  |TAMS 0x0000000711c00000| PB 0x0000000711c00000| Untracked |  0
|  67|0x0000000711e00000, 0x0000000711e00000, 0x0000000712000000|  0%| F|  |TAMS 0x0000000711e00000| PB 0x0000000711e00000| Untracked |  0
|  68|0x0000000712000000, 0x0000000712000000, 0x0000000712200000|  0%| F|  |TAMS 0x0000000712000000| PB 0x0000000712000000| Untracked |  0
|  69|0x0000000712200000, 0x0000000712200000, 0x0000000712400000|  0%| F|  |TAMS 0x0000000712200000| PB 0x0000000712200000| Untracked |  0
|  70|0x0000000712400000, 0x0000000712400000, 0x0000000712600000|  0%| F|  |TAMS 0x0000000712400000| PB 0x0000000712400000| Untracked |  0
|  71|0x0000000712600000, 0x0000000712600000, 0x0000000712800000|  0%| F|  |TAMS 0x0000000712600000| PB 0x0000000712600000| Untracked |  0
|  72|0x0000000712800000, 0x0000000712800000, 0x0000000712a00000|  0%| F|  |TAMS 0x0000000712800000| PB 0x0000000712800000| Untracked |  0
|  73|0x0000000712a00000, 0x0000000712a00000, 0x0000000712c00000|  0%| F|  |TAMS 0x0000000712a00000| PB 0x0000000712a00000| Untracked |  0
|  74|0x0000000712c00000, 0x0000000712c00000, 0x0000000712e00000|  0%| F|  |TAMS 0x0000000712c00000| PB 0x0000000712c00000| Untracked |  0
|  75|0x0000000712e00000, 0x0000000712e00000, 0x0000000713000000|  0%| F|  |TAMS 0x0000000712e00000| PB 0x0000000712e00000| Untracked |  0
|  76|0x0000000713000000, 0x0000000713000000, 0x0000000713200000|  0%| F|  |TAMS 0x0000000713000000| PB 0x0000000713000000| Untracked |  0
|  77|0x0000000713200000, 0x0000000713200000, 0x0000000713400000|  0%| F|  |TAMS 0x0000000713200000| PB 0x0000000713200000| Untracked |  0
|  78|0x0000000713400000, 0x0000000713400000, 0x0000000713600000|  0%| F|  |TAMS 0x0000000713400000| PB 0x0000000713400000| Untracked |  0
|  79|0x0000000713600000, 0x0000000713600000, 0x0000000713800000|  0%| F|  |TAMS 0x0000000713600000| PB 0x0000000713600000| Untracked |  0
|  80|0x0000000713800000, 0x0000000713800000, 0x0000000713a00000|  0%| F|  |TAMS 0x0000000713800000| PB 0x0000000713800000| Untracked |  0
|  81|0x0000000713a00000, 0x0000000713a00000, 0x0000000713c00000|  0%| F|  |TAMS 0x0000000713a00000| PB 0x0000000713a00000| Untracked |  0
|  82|0x0000000713c00000, 0x0000000713c00000, 0x0000000713e00000|  0%| F|  |TAMS 0x0000000713c00000| PB 0x0000000713c00000| Untracked |  0
|  83|0x0000000713e00000, 0x0000000713e00000, 0x0000000714000000|  0%| F|  |TAMS 0x0000000713e00000| PB 0x0000000713e00000| Untracked |  0
|  84|0x0000000714000000, 0x0000000714000000, 0x0000000714200000|  0%| F|  |TAMS 0x0000000714000000| PB 0x0000000714000000| Untracked |  0
|  85|0x0000000714200000, 0x0000000714200000, 0x0000000714400000|  0%| F|  |TAMS 0x0000000714200000| PB 0x0000000714200000| Untracked |  0
|  86|0x0000000714400000, 0x0000000714400000, 0x0000000714600000|  0%| F|  |TAMS 0x0000000714400000| PB 0x0000000714400000| Untracked |  0
|  87|0x0000000714600000, 0x0000000714600000, 0x0000000714800000|  0%| F|  |TAMS 0x0000000714600000| PB 0x0000000714600000| Untracked |  0
|  88|0x0000000714800000, 0x0000000714800000, 0x0000000714a00000|  0%| F|  |TAMS 0x0000000714800000| PB 0x0000000714800000| Untracked |  0
|  89|0x0000000714a00000, 0x0000000714a00000, 0x0000000714c00000|  0%| F|  |TAMS 0x0000000714a00000| PB 0x0000000714a00000| Untracked |  0
|  90|0x0000000714c00000, 0x0000000714c00000, 0x0000000714e00000|  0%| F|  |TAMS 0x0000000714c00000| PB 0x0000000714c00000| Untracked |  0
|  91|0x0000000714e00000, 0x0000000714e00000, 0x0000000715000000|  0%| F|  |TAMS 0x0000000714e00000| PB 0x0000000714e00000| Untracked |  0
|  92|0x0000000715000000, 0x0000000715000000, 0x0000000715200000|  0%| F|  |TAMS 0x0000000715000000| PB 0x0000000715000000| Untracked |  0
|  93|0x0000000715200000, 0x0000000715200000, 0x0000000715400000|  0%| F|  |TAMS 0x0000000715200000| PB 0x0000000715200000| Untracked |  0
|  94|0x0000000715400000, 0x0000000715400000, 0x0000000715600000|  0%| F|  |TAMS 0x0000000715400000| PB 0x0000000715400000| Untracked |  0
|  95|0x0000000715600000, 0x0000000715600000, 0x0000000715800000|  0%| F|  |TAMS 0x0000000715600000| PB 0x0000000715600000| Untracked |  0
|  96|0x0000000715800000, 0x0000000715800000, 0x0000000715a00000|  0%| F|  |TAMS 0x0000000715800000| PB 0x0000000715800000| Untracked |  0
|  97|0x0000000715a00000, 0x0000000715a00000, 0x0000000715c00000|  0%| F|  |TAMS 0x0000000715a00000| PB 0x0000000715a00000| Untracked |  0
|  98|0x0000000715c00000, 0x0000000715c00000, 0x0000000715e00000|  0%| F|  |TAMS 0x0000000715c00000| PB 0x0000000715c00000| Untracked |  0
|  99|0x0000000715e00000, 0x0000000715e00000, 0x0000000716000000|  0%| F|  |TAMS 0x0000000715e00000| PB 0x0000000715e00000| Untracked |  0
| 100|0x0000000716000000, 0x0000000716000000, 0x0000000716200000|  0%| F|  |TAMS 0x0000000716000000| PB 0x0000000716000000| Untracked |  0
| 101|0x0000000716200000, 0x0000000716200000, 0x0000000716400000|  0%| F|  |TAMS 0x0000000716200000| PB 0x0000000716200000| Untracked |  0
| 102|0x0000000716400000, 0x0000000716400000, 0x0000000716600000|  0%| F|  |TAMS 0x0000000716400000| PB 0x0000000716400000| Untracked |  0
| 103|0x0000000716600000, 0x0000000716600000, 0x0000000716800000|  0%| F|  |TAMS 0x0000000716600000| PB 0x0000000716600000| Untracked |  0
| 104|0x0000000716800000, 0x0000000716800000, 0x0000000716a00000|  0%| F|  |TAMS 0x0000000716800000| PB 0x0000000716800000| Untracked |  0
| 105|0x0000000716a00000, 0x0000000716a00000, 0x0000000716c00000|  0%| F|  |TAMS 0x0000000716a00000| PB 0x0000000716a00000| Untracked |  0
| 106|0x0000000716c00000, 0x0000000716c00000, 0x0000000716e00000|  0%| F|  |TAMS 0x0000000716c00000| PB 0x0000000716c00000| Untracked |  0
| 107|0x0000000716e00000, 0x0000000716e00000, 0x0000000717000000|  0%| F|  |TAMS 0x0000000716e00000| PB 0x0000000716e00000| Untracked |  0
| 108|0x0000000717000000, 0x0000000717000000, 0x0000000717200000|  0%| F|  |TAMS 0x0000000717000000| PB 0x0000000717000000| Untracked |  0
| 109|0x0000000717200000, 0x0000000717200000, 0x0000000717400000|  0%| F|  |TAMS 0x0000000717200000| PB 0x0000000717200000| Untracked |  0
| 110|0x0000000717400000, 0x0000000717600000, 0x0000000717600000|100%| S|CS|TAMS 0x0000000717400000| PB 0x0000000717400000| Complete |  0
| 111|0x0000000717600000, 0x0000000717800000, 0x0000000717800000|100%| S|CS|TAMS 0x0000000717600000| PB 0x0000000717600000| Complete |  0
| 112|0x0000000717800000, 0x0000000717800000, 0x0000000717a00000|  0%| F|  |TAMS 0x0000000717800000| PB 0x0000000717800000| Untracked |  0
| 113|0x0000000717a00000, 0x0000000717a00000, 0x0000000717c00000|  0%| F|  |TAMS 0x0000000717a00000| PB 0x0000000717a00000| Untracked |  0
| 114|0x0000000717c00000, 0x0000000717c00000, 0x0000000717e00000|  0%| F|  |TAMS 0x0000000717c00000| PB 0x0000000717c00000| Untracked |  0
| 115|0x0000000717e00000, 0x0000000717e00000, 0x0000000718000000|  0%| F|  |TAMS 0x0000000717e00000| PB 0x0000000717e00000| Untracked |  0
| 116|0x0000000718000000, 0x0000000718000000, 0x0000000718200000|  0%| F|  |TAMS 0x0000000718000000| PB 0x0000000718000000| Untracked |  0
| 117|0x0000000718200000, 0x0000000718200000, 0x0000000718400000|  0%| F|  |TAMS 0x0000000718200000| PB 0x0000000718200000| Untracked |  0
| 118|0x0000000718400000, 0x0000000718580c20, 0x0000000718600000| 75%| E|  |TAMS 0x0000000718400000| PB 0x0000000718400000| Complete |  0
| 119|0x0000000718600000, 0x0000000718800000, 0x0000000718800000|100%| E|CS|TAMS 0x0000000718600000| PB 0x0000000718600000| Complete |  0
| 120|0x0000000718800000, 0x0000000718a00000, 0x0000000718a00000|100%| E|CS|TAMS 0x0000000718800000| PB 0x0000000718800000| Complete |  0
| 121|0x0000000718a00000, 0x0000000718c00000, 0x0000000718c00000|100%| E|CS|TAMS 0x0000000718a00000| PB 0x0000000718a00000| Complete |  0
| 122|0x0000000718c00000, 0x0000000718e00000, 0x0000000718e00000|100%| E|CS|TAMS 0x0000000718c00000| PB 0x0000000718c00000| Complete |  0
| 123|0x0000000718e00000, 0x0000000719000000, 0x0000000719000000|100%| E|CS|TAMS 0x0000000718e00000| PB 0x0000000718e00000| Complete |  0

Card table byte_map: [0x000001fbaf380000,0x000001fbafb40000] _byte_map_base: 0x000001fbabb34000

Marking Bits: (CMBitMap*) 0x000001fb97058a50
 Bits: [0x000001fbafb40000, 0x000001fbb38e0000)

Polling page: 0x000001fb94f30000

Metaspace:

Usage:
  Non-class:     16.02 MB used.
      Class:      2.10 MB used.
       Both:     18.12 MB used.

Virtual space:
  Non-class space:       64.00 MB reserved,      16.12 MB ( 25%) committed,  1 nodes.
      Class space:        1.00 GB reserved,       2.25 MB ( <1%) committed,  1 nodes.
             Both:        1.06 GB reserved,      18.38 MB (  2%) committed. 

Chunk freelists:
   Non-Class:  15.00 MB
       Class:  13.74 MB
        Both:  28.74 MB

MaxMetaspaceSize: unlimited
CompressedClassSpaceSize: 1.00 GB
Initial GC threshold: 21.00 MB
Current GC threshold: 21.00 MB
CDS: on
 - commit_granule_bytes: 65536.
 - commit_granule_words: 8192.
 - virtual_space_node_default_size: 8388608.
 - enlarge_chunks_in_place: 1.
 - use_allocation_guard: 0.


Internal statistics:

num_allocs_failed_limit: 0.
num_arena_births: 226.
num_arena_deaths: 0.
num_vsnodes_births: 2.
num_vsnodes_deaths: 0.
num_space_committed: 294.
num_space_uncommitted: 0.
num_chunks_returned_to_freelist: 0.
num_chunks_taken_from_freelist: 424.
num_chunk_merges: 0.
num_chunk_splits: 249.
num_chunks_enlarged: 124.
num_inconsistent_stats: 0.

CodeHeap 'non-profiled nmethods': size=119168Kb used=1370Kb max_used=1370Kb free=117797Kb
 bounds [0x000001fba6ee0000, 0x000001fba7150000, 0x000001fbae340000]
CodeHeap 'profiled nmethods': size=119104Kb used=6925Kb max_used=6925Kb free=112178Kb
 bounds [0x000001fb9f340000, 0x000001fb9fa10000, 0x000001fba6790000]
CodeHeap 'non-nmethods': size=7488Kb used=3409Kb max_used=3459Kb free=4078Kb
 bounds [0x000001fba6790000, 0x000001fba6b00000, 0x000001fba6ee0000]
 total_blobs=4276 nmethods=3521 adapters=654
 compilation: enabled
              stopped_count=0, restarted_count=0
 full_count=0

Compilation events (20 events):
Event: 3.520 Thread 0x000001fb8242eb70 3413       3       sun.java2d.pipe.BufferedContext::setComposite (124 bytes)
Event: 3.520 Thread 0x000001fbb69e07b0 nmethod 3407 0x000001fb9f9c2710 code [0x000001fb9f9c2a80, 0x000001fb9f9c42d8]
Event: 3.520 Thread 0x000001fb829db080 3377       4       java.awt.Rectangle::getWidth (6 bytes)
Event: 3.521 Thread 0x000001fb829db080 nmethod 3377 0x000001fba7025290 code [0x000001fba7025400, 0x000001fba7025490]
Event: 3.521 Thread 0x000001fb829db080 3378       4       java.awt.Rectangle::getHeight (6 bytes)
Event: 3.521 Thread 0x000001fb8242eb70 nmethod 3413 0x000001fb9f9c4990 code [0x000001fb9f9c4c20, 0x000001fb9f9c57a0]
Event: 3.521 Thread 0x000001fb829db080 nmethod 3378 0x000001fba7025590 code [0x000001fba7025700, 0x000001fba7025790]
Event: 3.521 Thread 0x000001fb829db080 3368       4       sun.java2d.pipe.RenderBuffer::position (11 bytes)
Event: 3.521 Thread 0x000001fb829db080 nmethod 3368 0x000001fba7025890 code [0x000001fba7025a00, 0x000001fba7025a90]
Event: 3.521 Thread 0x000001fb829db080 3383       4       java.awt.Component::isLightweight (8 bytes)
Event: 3.521 Thread 0x000001fb8242eb70 3414       3       java.awt.geom.EllipseIterator::currentSegment (221 bytes)
Event: 3.521 Thread 0x000001fbb69e07b0 3415       3       java.awt.geom.EllipseIterator::next (11 bytes)
Event: 3.521 Thread 0x000001fbb69e07b0 nmethod 3415 0x000001fb9f9c5c10 code [0x000001fb9f9c5da0, 0x000001fb9f9c5eb0]
Event: 3.521 Thread 0x000001fb8242eb70 nmethod 3414 0x000001fb9f9c5f10 code [0x000001fb9f9c6160, 0x000001fb9f9c6988]
Event: 3.522 Thread 0x000001fb829db080 nmethod 3383 0x000001fba7025b90 code [0x000001fba7025d20, 0x000001fba7025e18]
Event: 3.522 Thread 0x000001fb829db080 3411       4       jdk.internal.logger.LazyLoggers$LazyLoggerWrapper::platformProxy (10 bytes)
Event: 3.522 Thread 0x000001fb8242eb70 3416       3       sun.java2d.pipe.PixelToParallelogramConverter::<init> (38 bytes)
Event: 3.522 Thread 0x000001fb8242eb70 nmethod 3416 0x000001fb9f9c6d90 code [0x000001fb9f9c6f60, 0x000001fb9f9c7210]
Event: 3.523 Thread 0x000001fb8242eb70 3417       3       java.awt.geom.AffineTransform::getMatrix (49 bytes)
Event: 3.523 Thread 0x000001fb8242eb70 nmethod 3417 0x000001fb9f9c7310 code [0x000001fb9f9c74c0, 0x000001fb9f9c76f8]

GC Heap History (2 events):
Event: 0.748 GC heap before
{Heap before GC invocations=0 (full 0):
 garbage-first heap   total reserved 4038656K, committed 253952K, used 24576K [0x0000000709800000, 0x0000000800000000)
  region size 2048K, 12 young (24576K), 0 survivors (0K)
 Metaspace       used 14490K, committed 14720K, reserved 1114112K
  class space    used 1733K, committed 1856K, reserved 1048576K
}
Event: 0.753 GC heap after
{Heap after GC invocations=1 (full 0):
 garbage-first heap   total reserved 4038656K, committed 253952K, used 7668K [0x0000000709800000, 0x0000000800000000)
  region size 2048K, 2 young (4096K), 2 survivors (4096K)
 Metaspace       used 14490K, committed 14720K, reserved 1114112K
  class space    used 1733K, committed 1856K, reserved 1048576K
}

Dll operation events (13 events):
Event: 0.006 Loaded shared library C:\Program Files\Java\jdk-22\bin\java.dll
Event: 0.031 Loaded shared library C:\Program Files\Java\jdk-22\bin\jsvml.dll
Event: 0.061 Loaded shared library C:\Program Files\Java\jdk-22\bin\jimage.dll
Event: 0.073 Loaded shared library C:\Program Files\Java\jdk-22\bin\net.dll
Event: 0.075 Loaded shared library C:\Program Files\Java\jdk-22\bin\nio.dll
Event: 0.080 Loaded shared library C:\Program Files\Java\jdk-22\bin\zip.dll
Event: 0.136 Loaded shared library C:\Program Files\Java\jdk-22\bin\awt.dll
Event: 0.224 Loaded shared library C:\Program Files\Java\jdk-22\bin\freetype.dll
Event: 0.225 Loaded shared library C:\Program Files\Java\jdk-22\bin\fontmanager.dll
Event: 0.435 Loaded shared library C:\Program Files\Java\jdk-22\bin\verify.dll
Event: 0.613 Loaded shared library C:\Program Files\Java\jdk-22\bin\extnet.dll
Event: 0.621 Loaded shared library C:\Program Files\Java\jdk-22\bin\management.dll
Event: 0.623 Loaded shared library C:\Program Files\Java\jdk-22\bin\management_ext.dll

Deoptimization events (20 events):
Event: 3.512 Thread 0x000001fbfc1332d0 DEOPT PACKING pc=0x000001fb9f8e3348 sp=0x000000967dafcda0
Event: 3.512 Thread 0x000001fbfc1332d0 DEOPT UNPACKING pc=0x000001fba67e4e42 sp=0x000000967dafc1a0 mode 0
Event: 3.512 Thread 0x000001fbfc1332d0 DEOPT PACKING pc=0x000001fb9f9021f3 sp=0x000000967dafcb70
Event: 3.512 Thread 0x000001fbfc1332d0 DEOPT UNPACKING pc=0x000001fba67e4e42 sp=0x000000967dafbf50 mode 0
Event: 3.513 Thread 0x000001fbfc1332d0 DEOPT PACKING pc=0x000001fb9f8e2fda sp=0x000000967dafcda0
Event: 3.513 Thread 0x000001fbfc1332d0 DEOPT UNPACKING pc=0x000001fba67e4e42 sp=0x000000967dafc198 mode 0
Event: 3.513 Thread 0x000001fbfc1332d0 DEOPT PACKING pc=0x000001fb9f9021f3 sp=0x000000967dafca70
Event: 3.513 Thread 0x000001fbfc1332d0 DEOPT UNPACKING pc=0x000001fba67e4e42 sp=0x000000967dafbe50 mode 0
Event: 3.513 Thread 0x000001fbfc1332d0 DEOPT PACKING pc=0x000001fb9f8e2fda sp=0x000000967dafcda0
Event: 3.513 Thread 0x000001fbfc1332d0 DEOPT UNPACKING pc=0x000001fba67e4e42 sp=0x000000967dafc198 mode 0
Event: 3.514 Thread 0x000001fbfc1332d0 DEOPT PACKING pc=0x000001fb9f9021f3 sp=0x000000967dafd1f0
Event: 3.514 Thread 0x000001fbfc1332d0 DEOPT UNPACKING pc=0x000001fba67e4e42 sp=0x000000967dafc5d0 mode 0
Event: 3.514 Thread 0x000001fbfc1332d0 DEOPT PACKING pc=0x000001fb9f9021f3 sp=0x000000967dafd1f0
Event: 3.514 Thread 0x000001fbfc1332d0 DEOPT UNPACKING pc=0x000001fba67e4e42 sp=0x000000967dafc5d0 mode 0
Event: 3.522 Thread 0x000001fbfc1332d0 DEOPT PACKING pc=0x000001fb9f9021f3 sp=0x000000967dafca00
Event: 3.522 Thread 0x000001fbfc1332d0 DEOPT UNPACKING pc=0x000001fba67e4e42 sp=0x000000967dafbde0 mode 0
Event: 3.522 Thread 0x000001fbfc1332d0 DEOPT PACKING pc=0x000001fb9f9021f3 sp=0x000000967dafca80
Event: 3.522 Thread 0x000001fbfc1332d0 DEOPT UNPACKING pc=0x000001fba67e4e42 sp=0x000000967dafbe60 mode 0
Event: 3.524 Thread 0x000001fbfc1332d0 DEOPT PACKING pc=0x000001fb9f9021f3 sp=0x000000967dafca80
Event: 3.524 Thread 0x000001fbfc1332d0 DEOPT UNPACKING pc=0x000001fba67e4e42 sp=0x000000967dafbe60 mode 0

Classes loaded (20 events):
Event: 1.426 Loading class java/text/AttributedCharacterIterator done
Event: 1.426 Loading class java/text/AttributedString$AttributedStringIterator done
Event: 2.082 Loading class java/awt/event/MouseWheelEvent
Event: 2.082 Loading class java/awt/event/MouseWheelEvent done
Event: 2.797 Loading class javax/swing/Timer$1
Event: 2.797 Loading class javax/swing/Timer$1 done
Event: 3.310 Loading class sun/awt/DebugSettings
Event: 3.311 Loading class sun/awt/DebugSettings done
Event: 3.311 Loading class javax/swing/JComponent$KeyboardState
Event: 3.311 Loading class javax/swing/JComponent$KeyboardState done
Event: 3.311 Loading class javax/swing/JComponent$IntVector
Event: 3.311 Loading class javax/swing/JComponent$IntVector done
Event: 3.311 Loading class javax/swing/Popup$HeavyWeightWindow
Event: 3.311 Loading class sun/awt/ModalExclude
Event: 3.311 Loading class sun/awt/ModalExclude done
Event: 3.311 Loading class javax/swing/JWindow
Event: 3.311 Loading class javax/swing/JWindow done
Event: 3.311 Loading class javax/swing/Popup$HeavyWeightWindow done
Event: 3.494 Loading class java/awt/LightweightDispatcher$2
Event: 3.494 Loading class java/awt/LightweightDispatcher$2 done

Classes unloaded (0 events):
No events

Classes redefined (0 events):
No events

Internal exceptions (20 events):
Event: 0.575 Thread 0x000001fbfc1332d0 Exception <a 'java/lang/NoSuchMethodError'{0x0000000717da8790}: 'void java.lang.invoke.DelegatingMethodHandle$Holder.delegate(java.lang.Object, java.lang.Object, int, java.lang.Object)'> (0x0000000717da8790) 
thrown [s\open\src\hotspot\share\interpreter\linkResolver.cpp, line 774]
Event: 0.577 Thread 0x000001fbfc1332d0 Exception <a 'java/lang/NoSuchMethodError'{0x0000000717db5280}: 'java.lang.Object java.lang.invoke.Invokers$Holder.invokeExact_MT(java.lang.Object, java.lang.Object, java.lang.Object, java.lang.Object, java.lang.Object)'> (0x0000000717db5280) 
thrown [s\open\src\hotspot\share\interpreter\linkResolver.cpp, line 774]
Event: 0.581 Thread 0x000001fbfc1332d0 Exception <a 'java/lang/NoSuchMethodError'{0x0000000717dda9f0}: 'java.lang.Object java.lang.invoke.DirectMethodHandle$Holder.invokeVirtual(java.lang.Object, java.lang.Object, java.lang.Object, java.lang.Object)'> (0x0000000717dda9f0) 
thrown [s\open\src\hotspot\share\interpreter\linkResolver.cpp, line 774]
Event: 0.582 Thread 0x000001fbfc1332d0 Exception <a 'java/lang/NoSuchMethodError'{0x0000000717de26d0}: 'void java.lang.invoke.DirectMethodHandle$Holder.invokeStatic(java.lang.Object, java.lang.Object, java.lang.Object, java.lang.Object)'> (0x0000000717de26d0) 
thrown [s\open\src\hotspot\share\interpreter\linkResolver.cpp, line 774]
Event: 0.590 Thread 0x000001fbfc1332d0 Exception <a 'java/lang/NoSuchMethodError'{0x0000000717a34790}: 'int java.lang.invoke.DirectMethodHandle$Holder.invokeStaticInit(java.lang.Object, java.lang.Object, java.lang.Object, java.lang.Object)'> (0x0000000717a34790) 
thrown [s\open\src\hotspot\share\interpreter\linkResolver.cpp, line 774]
Event: 0.590 Thread 0x000001fbfc1332d0 Exception <a 'java/lang/NoSuchMethodError'{0x0000000717a3d518}: 'java.lang.Object java.lang.invoke.DirectMethodHandle$Holder.invokeInterface(java.lang.Object, java.lang.Object)'> (0x0000000717a3d518) 
thrown [s\open\src\hotspot\share\interpreter\linkResolver.cpp, line 774]
Event: 0.591 Thread 0x000001fbfc1332d0 Exception <a 'java/lang/IncompatibleClassChangeError'{0x0000000717a40ad0}: Found class java.lang.Object, but interface was expected> (0x0000000717a40ad0) 
thrown [s\open\src\hotspot\share\interpreter\linkResolver.cpp, line 841]
Event: 0.591 Thread 0x000001fbfc1332d0 Exception <a 'java/lang/NoSuchMethodError'{0x0000000717a435b8}: 'void java.lang.invoke.DirectMethodHandle$Holder.invokeStatic(java.lang.Object, java.lang.Object)'> (0x0000000717a435b8) 
thrown [s\open\src\hotspot\share\interpreter\linkResolver.cpp, line 774]
Event: 0.591 Thread 0x000001fbfc1332d0 Exception <a 'java/lang/NoSuchMethodError'{0x0000000717a46b50}: 'void java.lang.invoke.DirectMethodHandle$Holder.invokeStaticInit(java.lang.Object, java.lang.Object)'> (0x0000000717a46b50) 
thrown [s\open\src\hotspot\share\interpreter\linkResolver.cpp, line 774]
Event: 0.592 Thread 0x000001fbfc1332d0 Exception <a 'java/lang/NoSuchMethodError'{0x0000000717a4c240}: 'int java.lang.invoke.DirectMethodHandle$Holder.invokeStaticInit(java.lang.Object, java.lang.Object)'> (0x0000000717a4c240) 
thrown [s\open\src\hotspot\share\interpreter\linkResolver.cpp, line 774]
Event: 0.667 Thread 0x000001fbfc1332d0 Exception <a 'java/lang/NoSuchMethodError'{0x0000000717bce258}: 'java.lang.Object java.lang.invoke.DirectMethodHandle$Holder.invokeStaticInit(java.lang.Object, int, int, int, int)'> (0x0000000717bce258) 
thrown [s\open\src\hotspot\share\interpreter\linkResolver.cpp, line 774]
Event: 0.680 Thread 0x000001fbfc1332d0 Exception <a 'java/lang/NoSuchMethodError'{0x000000071781afd0}: 'java.lang.Object java.lang.invoke.DirectMethodHandle$Holder.invokeStaticInit(java.lang.Object, java.lang.Object, int, int, int, int)'> (0x000000071781afd0) 
thrown [s\open\src\hotspot\share\interpreter\linkResolver.cpp, line 774]
Event: 0.710 Thread 0x000001fbfc1332d0 Exception <a 'sun/nio/fs/WindowsException'{0x0000000717984c00}> (0x0000000717984c00) 
thrown [s\open\src\hotspot\share\prims\jni.cpp, line 520]
Event: 0.741 Thread 0x000001fbfc1332d0 Exception <a 'java/lang/NoSuchMethodError'{0x00000007179ccc50}: 'void java.lang.invoke.DirectMethodHandle$Holder.invokeStatic(java.lang.Object, java.lang.Object, java.lang.Object)'> (0x00000007179ccc50) 
thrown [s\open\src\hotspot\share\interpreter\linkResolver.cpp, line 774]
Event: 0.742 Thread 0x000001fbfc1332d0 Exception <a 'java/lang/NoSuchMethodError'{0x00000007179d28b0}: 'void java.lang.invoke.DirectMethodHandle$Holder.invokeVirtual(java.lang.Object, java.lang.Object)'> (0x00000007179d28b0) 
thrown [s\open\src\hotspot\share\interpreter\linkResolver.cpp, line 774]
Event: 0.786 Thread 0x000001fbfc1332d0 Exception <a 'java/lang/NoSuchMethodError'{0x0000000718c69f00}: 'java.lang.Object java.lang.invoke.DirectMethodHandle$Holder.invokeStaticInit(java.lang.Object, java.lang.Object, java.lang.Object)'> (0x0000000718c69f00) 
thrown [s\open\src\hotspot\share\interpreter\linkResolver.cpp, line 774]
Event: 0.820 Thread 0x000001fbfc1332d0 Implicit null exception at 0x000001fba6f7c62a to 0x000001fba6f7cf50
Event: 0.822 Thread 0x000001fbfc1332d0 Implicit null exception at 0x000001fba6f7e681 to 0x000001fba6f7ef28
Event: 0.980 Thread 0x000001fbfc1332d0 Exception <a 'java/lang/NoSuchMethodError'{0x0000000718ba61d8}: 'void java.lang.invoke.DirectMethodHandle$Holder.invokeStaticInit(java.lang.Object)'> (0x0000000718ba61d8) 
thrown [s\open\src\hotspot\share\interpreter\linkResolver.cpp, line 774]
Event: 1.100 Thread 0x000001fbfc1332d0 Implicit null exception at 0x000001fba6facaa5 to 0x000001fba6fb6980

ZGC Phase Switch (0 events):
No events

VM Operations (20 events):
Event: 0.764 Executing VM operation: HandshakeAllThreads (Deoptimize)
Event: 0.764 Executing VM operation: HandshakeAllThreads (Deoptimize) done
Event: 0.774 Executing VM operation: HandshakeAllThreads (Deoptimize)
Event: 0.774 Executing VM operation: HandshakeAllThreads (Deoptimize) done
Event: 0.774 Executing VM operation: HandshakeAllThreads (Deoptimize)
Event: 0.774 Executing VM operation: HandshakeAllThreads (Deoptimize) done
Event: 0.966 Executing VM operation: HandshakeAllThreads (Deoptimize)
Event: 0.966 Executing VM operation: HandshakeAllThreads (Deoptimize) done
Event: 1.003 Executing VM operation: ICBufferFull
Event: 1.003 Executing VM operation: ICBufferFull done
Event: 1.260 Executing VM operation: HandshakeAllThreads (Deoptimize)
Event: 1.260 Executing VM operation: HandshakeAllThreads (Deoptimize) done
Event: 1.311 Executing VM operation: ICBufferFull
Event: 1.311 Executing VM operation: ICBufferFull done
Event: 1.403 Executing VM operation: HandshakeAllThreads (Deoptimize)
Event: 1.403 Executing VM operation: HandshakeAllThreads (Deoptimize) done
Event: 2.406 Executing VM operation: Cleanup
Event: 2.406 Executing VM operation: Cleanup done
Event: 3.419 Executing VM operation: Cleanup
Event: 3.419 Executing VM operation: Cleanup done

Memory protections (0 events):
No events

Nmethod flushes (0 events):
No events

Events (20 events):
Event: 0.176 Thread 0x000001fb94d980b0 Thread added: 0x000001fbfc09ec70
Event: 0.177 Thread 0x000001fb94d980b0 Thread added: 0x000001fbfc0c5d00
Event: 0.178 Thread 0x000001fb94d980b0 Thread added: 0x000001fbfc0c7b90
Event: 0.258 Thread 0x000001fb94d980b0 Thread added: 0x000001fbfc1332d0
Event: 0.258 Thread 0x000001fb94d980b0 Thread exited: 0x000001fb94d980b0
Event: 0.258 Thread 0x000001fb94d980b0 Thread added: 0x000001fb94d980b0
Event: 0.395 Thread 0x000001fbb6aacb90 Thread added: 0x000001fb8242eb70
Event: 0.395 Thread 0x000001fbb6aacb90 Thread added: 0x000001fb8242f230
Event: 0.423 Thread 0x000001fbfc1332d0 Thread added: 0x000001fb824c0e20
Event: 0.495 Thread 0x000001fbfc1332d0 Thread added: 0x000001fb826b7f70
Event: 0.740 Thread 0x000001fbb6c955b0 Thread added: 0x000001fb8253f5c0
Event: 0.787 Thread 0x000001fbfc1332d0 Thread added: 0x000001fb82af9f90
Event: 0.830 Thread 0x000001fbb6c955b0 Thread added: 0x000001fb8330e320
Event: 0.830 Thread 0x000001fbb6c955b0 Thread added: 0x000001fb82e34450
Event: 1.226 Thread 0x000001fb82e34450 Thread exited: 0x000001fb82e34450
Event: 1.624 Thread 0x000001fb8330e320 Thread exited: 0x000001fb8330e320
Event: 1.632 Thread 0x000001fb8253f5c0 Thread exited: 0x000001fb8253f5c0
Event: 1.632 Thread 0x000001fbb6c955b0 Thread exited: 0x000001fbb6c955b0
Event: 3.505 Thread 0x000001fb8242f230 Thread added: 0x000001fb83879cb0
Event: 3.520 Thread 0x000001fb8242eb70 Thread added: 0x000001fb829db080


Dynamic libraries:
0x00007ff72a110000 - 0x00007ff72a120000 	C:\Program Files\Java\jdk-22\bin\java.exe
0x00007ff8db810000 - 0x00007ff8dba27000 	C:\WINDOWS\SYSTEM32\ntdll.dll
0x00007ff8da430000 - 0x00007ff8da4f4000 	C:\WINDOWS\System32\KERNEL32.DLL
0x00007ff8d8d30000 - 0x00007ff8d90ea000 	C:\WINDOWS\System32\KERNELBASE.dll
0x00007ff8d90f0000 - 0x00007ff8d9201000 	C:\WINDOWS\System32\ucrtbase.dll
0x00007ff8d3290000 - 0x00007ff8d32ab000 	C:\Program Files\Java\jdk-22\bin\VCRUNTIME140.dll
0x00007ff8d3270000 - 0x00007ff8d3287000 	C:\Program Files\Java\jdk-22\bin\jli.dll
0x00007ff8daff0000 - 0x00007ff8db19e000 	C:\WINDOWS\System32\USER32.dll
0x00007ff8d94d0000 - 0x00007ff8d94f6000 	C:\WINDOWS\System32\win32u.dll
0x00007ff8c3aa0000 - 0x00007ff8c3d32000 	C:\WINDOWS\WinSxS\amd64_microsoft.windows.common-controls_6595b64144ccf1df_6.0.22621.4541_none_2710d1c57384c085\COMCTL32.dll
0x00007ff8d9640000 - 0x00007ff8d9669000 	C:\WINDOWS\System32\GDI32.dll
0x00007ff8d9cb0000 - 0x00007ff8d9d57000 	C:\WINDOWS\System32\msvcrt.dll
0x00007ff8d8c10000 - 0x00007ff8d8d2b000 	C:\WINDOWS\System32\gdi32full.dll
0x00007ff8d93b0000 - 0x00007ff8d944a000 	C:\WINDOWS\System32\msvcp_win.dll
0x00007ff8da500000 - 0x00007ff8da531000 	C:\WINDOWS\System32\IMM32.DLL
0x00007ff8d2920000 - 0x00007ff8d292c000 	C:\Program Files\Java\jdk-22\bin\vcruntime140_1.dll
0x00007ff8c7c90000 - 0x00007ff8c7d1e000 	C:\Program Files\Java\jdk-22\bin\msvcp140.dll
0x00007ff88dc90000 - 0x00007ff88e9d9000 	C:\Program Files\Java\jdk-22\bin\server\jvm.dll
0x00007ff8db420000 - 0x00007ff8db4d2000 	C:\WINDOWS\System32\ADVAPI32.dll
0x00007ff8d9500000 - 0x00007ff8d95a7000 	C:\WINDOWS\System32\sechost.dll
0x00007ff8d9210000 - 0x00007ff8d9238000 	C:\WINDOWS\System32\bcrypt.dll
0x00007ff8db550000 - 0x00007ff8db664000 	C:\WINDOWS\System32\RPCRT4.dll
0x00007ff8d9c30000 - 0x00007ff8d9ca1000 	C:\WINDOWS\System32\WS2_32.dll
0x00007ff8d89a0000 - 0x00007ff8d89ed000 	C:\WINDOWS\SYSTEM32\POWRPROF.dll
0x00007ff8d6440000 - 0x00007ff8d6474000 	C:\WINDOWS\SYSTEM32\WINMM.dll
0x00007ff8d0370000 - 0x00007ff8d037a000 	C:\WINDOWS\SYSTEM32\VERSION.dll
0x00007ff8d8980000 - 0x00007ff8d8993000 	C:\WINDOWS\SYSTEM32\UMPDC.dll
0x00007ff8d7ad0000 - 0x00007ff8d7ae8000 	C:\WINDOWS\SYSTEM32\kernel.appcore.dll
0x00007ff8d2910000 - 0x00007ff8d291a000 	C:\Program Files\Java\jdk-22\bin\jimage.dll
0x00007ff8d61a0000 - 0x00007ff8d63d2000 	C:\WINDOWS\SYSTEM32\DBGHELP.DLL
0x00007ff8da090000 - 0x00007ff8da421000 	C:\WINDOWS\System32\combase.dll
0x00007ff8db6f0000 - 0x00007ff8db7c7000 	C:\WINDOWS\System32\OLEAUT32.dll
0x00007ff8d6400000 - 0x00007ff8d6432000 	C:\WINDOWS\SYSTEM32\dbgcore.DLL
0x00007ff8d8b90000 - 0x00007ff8d8c0b000 	C:\WINDOWS\System32\bcryptPrimitives.dll
0x00007ff8caa40000 - 0x00007ff8caa5e000 	C:\Program Files\Java\jdk-22\bin\java.dll
0x00007ff8da5f0000 - 0x00007ff8dae69000 	C:\WINDOWS\System32\SHELL32.dll
0x00007ff8d9d70000 - 0x00007ff8d9f15000 	C:\WINDOWS\System32\ole32.dll
0x00007ff8d69c0000 - 0x00007ff8d72c9000 	C:\WINDOWS\SYSTEM32\windows.storage.dll
0x00007ff8d6880000 - 0x00007ff8d69bf000 	C:\WINDOWS\SYSTEM32\wintypes.dll
0x00007ff8d9690000 - 0x00007ff8d978a000 	C:\WINDOWS\System32\SHCORE.dll
0x00007ff8db3c0000 - 0x00007ff8db41e000 	C:\WINDOWS\System32\shlwapi.dll
0x00007ff8d8a00000 - 0x00007ff8d8a2b000 	C:\WINDOWS\SYSTEM32\profapi.dll
0x00007ff8be510000 - 0x00007ff8be5e7000 	C:\Program Files\Java\jdk-22\bin\jsvml.dll
0x00007ff8d2900000 - 0x00007ff8d2910000 	C:\Program Files\Java\jdk-22\bin\net.dll
0x00007ff8d7f50000 - 0x00007ff8d7fb9000 	C:\WINDOWS\system32\mswsock.dll
0x00007ff8c7c70000 - 0x00007ff8c7c86000 	C:\Program Files\Java\jdk-22\bin\nio.dll
0x00007ff8c7c50000 - 0x00007ff8c7c67000 	C:\Program Files\Java\jdk-22\bin\zip.dll
0x00007ff8b8f20000 - 0x00007ff8b90ae000 	C:\Program Files\Java\jdk-22\bin\awt.dll
0x00007ff8d20d0000 - 0x00007ff8d2167000 	C:\WINDOWS\SYSTEM32\apphelp.dll
0x00007ff8d59c0000 - 0x00007ff8d5a71000 	C:\WINDOWS\system32\uxtheme.dll
0x00007ff8d9f20000 - 0x00007ff8da081000 	C:\WINDOWS\System32\MSCTF.dll
0x00007ff8d5c30000 - 0x00007ff8d5c5b000 	C:\WINDOWS\system32\DWMAPI.DLL
0x00007ff8c1330000 - 0x00007ff8c13b7000 	C:\Program Files\Java\jdk-22\bin\freetype.dll
0x00007ff8b8d40000 - 0x00007ff8b8e17000 	C:\Program Files\Java\jdk-22\bin\fontmanager.dll
0x00007ff8b8e20000 - 0x00007ff8b8f20000 	C:\WINDOWS\system32\opengl32.dll
0x00007ff8c7c20000 - 0x00007ff8c7c4d000 	C:\WINDOWS\SYSTEM32\GLU32.dll
0x00007ff8d5ac0000 - 0x00007ff8d5af7000 	C:\WINDOWS\SYSTEM32\dxcore.dll
0x00007ff8961e0000 - 0x00007ff896388000 	C:\WINDOWS\system32\d3d9.dll
0x00007ff8ccc40000 - 0x00007ff8ccdfb000 	C:\WINDOWS\System32\DriverStore\FileRepository\u0382030.inf_amd64_c27c1f19988d7c7e\B381533\aticfx64.dll
0x00007ff8c6bb0000 - 0x00007ff8c6be4000 	C:\WINDOWS\System32\DriverStore\FileRepository\u0382030.inf_amd64_c27c1f19988d7c7e\B381533\atiu9p64.dll
0x00007ff88cf30000 - 0x00007ff88dc85000 	C:\WINDOWS\System32\DriverStore\FileRepository\u0382030.inf_amd64_c27c1f19988d7c7e\B381533\atiumd64.dll
0x000000005f9f0000 - 0x0000000060916000 	C:\WINDOWS\System32\DriverStore\FileRepository\u0382030.inf_amd64_c27c1f19988d7c7e\B381533\atiumd6a.dll
0x00007ff8d97b0000 - 0x00007ff8d9c24000 	C:\WINDOWS\System32\SETUPAPI.dll
0x00007ff8cacd0000 - 0x00007ff8cad05000 	C:\WINDOWS\SYSTEM32\amdihk64.dll
0x00007ff8d0280000 - 0x00007ff8d02c9000 	C:\WINDOWS\SYSTEM32\directxdatabasehelper.dll
0x00007ff8d31d0000 - 0x00007ff8d31e0000 	C:\Program Files\Java\jdk-22\bin\verify.dll
0x00007ff8d7560000 - 0x00007ff8d7662000 	C:\WINDOWS\SYSTEM32\DNSAPI.dll
0x00007ff8d7530000 - 0x00007ff8d755d000 	C:\WINDOWS\SYSTEM32\IPHLPAPI.DLL
0x00007ff8db4f0000 - 0x00007ff8db4f9000 	C:\WINDOWS\System32\NSI.dll
0x00007ff8d3c10000 - 0x00007ff8d3c1a000 	C:\Windows\System32\rasadhlp.dll
0x00007ff8d3760000 - 0x00007ff8d37e3000 	C:\WINDOWS\System32\fwpuclnt.dll
0x00007ff8caa30000 - 0x00007ff8caa39000 	C:\Program Files\Java\jdk-22\bin\extnet.dll
0x00007ff8c9cf0000 - 0x00007ff8c9cfa000 	C:\Program Files\Java\jdk-22\bin\management.dll
0x00007ff8c9ce0000 - 0x00007ff8c9ceb000 	C:\Program Files\Java\jdk-22\bin\management_ext.dll
0x00007ff8db4e0000 - 0x00007ff8db4e8000 	C:\WINDOWS\System32\PSAPI.DLL
0x00007ff8d8180000 - 0x00007ff8d819b000 	C:\WINDOWS\SYSTEM32\CRYPTSP.dll
0x00007ff8d7a30000 - 0x00007ff8d7a65000 	C:\WINDOWS\system32\rsaenh.dll
0x00007ff8d8010000 - 0x00007ff8d8038000 	C:\WINDOWS\SYSTEM32\USERENV.dll
0x00007ff8d81a0000 - 0x00007ff8d81ac000 	C:\WINDOWS\SYSTEM32\CRYPTBASE.dll
0x00007ff8da540000 - 0x00007ff8da5f0000 	C:\WINDOWS\System32\clbcatq.dll
0x00007ff8d57e0000 - 0x00007ff8d5990000 	C:\WINDOWS\SYSTEM32\WindowsCodecs.dll
0x00007ff8c1e40000 - 0x00007ff8c1e9e000 	C:\WINDOWS\system32\dataexchange.dll
0x00007ff8d2ca0000 - 0x00007ff8d2f44000 	C:\WINDOWS\system32\twinapi.appcore.dll
0x00007ff8bf3e0000 - 0x00007ff8bf525000 	C:\WINDOWS\SYSTEM32\textinputframework.dll
0x00007ff8d1f90000 - 0x00007ff8d20c3000 	C:\WINDOWS\SYSTEM32\CoreMessaging.dll
0x00007ff8cee80000 - 0x00007ff8cf1ed000 	C:\WINDOWS\SYSTEM32\CoreUIComponents.dll

dbghelp: loaded successfully - version: 4.0.5 - missing functions: none
symbol engine: initialized successfully - sym options: 0x614 - pdb path: .;C:\Program Files\Java\jdk-22\bin;C:\WINDOWS\SYSTEM32;C:\WINDOWS\WinSxS\amd64_microsoft.windows.common-controls_6595b64144ccf1df_6.0.22621.4541_none_2710d1c57384c085;C:\Program Files\Java\jdk-22\bin\server;C:\WINDOWS\System32\DriverStore\FileRepository\u0382030.inf_amd64_c27c1f19988d7c7e\B381533

VM Arguments:
java_command: com.pages.AdminDashBoard
java_class_path (initial): C:\Users\loena\OneDrive\Documents\NetBeansProjects\capstoneproject\target\classes;C:\Users\loena\.m2\repository\org\postgresql\postgresql\42.7.3\postgresql-42.7.3.jar;C:\Users\loena\.m2\repository\org\checkerframework\checker-qual\3.42.0\checker-qual-3.42.0.jar;C:\Users\loena\.m2\repository\org\netbeans\external\AbsoluteLayout\RELEASE180\AbsoluteLayout-RELEASE180.jar;C:\Users\loena\.m2\repository\com\google\zxing\core\3.3.0\core-3.3.0.jar;C:\Users\loena\.m2\repository\com\google\zxing\javase\3.3.0\javase-3.3.0.jar;C:\Users\loena\.m2\repository\com\beust\jcommander\1.48\jcommander-1.48.jar;C:\Users\loena\.m2\repository\com\github\jai-imageio\jai-imageio-core\1.3.1\jai-imageio-core-1.3.1.jar;C:\Users\loena\.m2\repository\com\sun\mail\javax.mail\1.6.2\javax.mail-1.6.2.jar;C:\Users\loena\.m2\repository\javax\activation\activation\1.1.1\activation-1.1.1.jar;C:\Users\loena\.m2\repository\com\toedter\jcalendar\1.4\jcalendar-1.4.jar;C:\Users\loena\.m2\repository\com\formdev\flatlaf\2.5\flatlaf-2.5.jar;C:\Users\loena\.m2\repository\org\jfree\jfreechart\1.5.3\jfreechart-1.5.3.jar;C:\Users\loena\.m2\repository\org\jfree\jcommon\1.0.24\jcommon-1.0.24.jar;C:\Users\loena\.m2\repository\org\apache\poi\poi-ooxml\5.2.3\poi-ooxml-5.2.3.jar;C:\Users\loena\.m2\repository\org\apache\poi\poi-ooxml-lite\5.2.3\poi-ooxml-lite-5.2.3.jar;C:\Users\loena\.m2\repository\org\apache\commons\commons-compress\1.21\commons-compress-1.21.jar;C:\Users\loena\.m2\repository\commons-io\commons-io\2.11.0\commons-io-2.11.0.jar;C:\Users\loena\.m2\repository\com\github\virtuald\curvesapi\1.07\curvesapi-1.07.jar;C:\Users\loena\.m2\repository\org\apache\commons\commons-collections4\4.4\commons-collections4-4.4.jar;C:\Users\loena\.m2\repository\org\apache\poi\poi\5.2.3\poi-5.2.3.jar;C:\Users\loena\.m2\repository\commons-codec\commons-codec\1.15\commons-codec-1.15.jar;C:\Users\loena\.m2\repository\org\apache\commons\commons-math3\3.6.1\commons-math3-3.6.1.jar;C:\Users\loena\.m2\repository\com\zaxxer\SparseBitSet\1.2\SparseBitSet-1.2.jar;C:\Users\loena\.m2\repository\org\apache\xmlbeans\xmlbeans\5.1.1\xmlbeans-5.1.1.jar;C:\Users\loena\.m2\repository\org\apache\logging\log4j\log4j-api\2.20.0\log4j-api-2.20.0.jar;C:\Users\loena\.m2\repository\org\apache\logging\log4j\log4j-core\2.20.0\log4j-core-2.20.0.jar;C:\Users\loena\.m2\repository\org\apache\pdfbox\pdfbox\2.0.24\pdfbox-2.0.24.jar;C:\Users\loena\.m2\repository\org\apache\pdfbox\fontbox\2.0.24\fontbox-2.0.24.jar;C:\Users\loena\.m2\repository\commons-logging\commons-logging\1.2\commons-logging-1.2.jar
Launcher Type: SUN_STANDARD

[Global flags]
     intx CICompilerCount                          = 12                                        {product} {ergonomic}
     uint ConcGCThreads                            = 3                                         {product} {ergonomic}
     uint G1ConcRefinementThreads                  = 13                                        {product} {ergonomic}
   size_t G1HeapRegionSize                         = 2097152                                   {product} {ergonomic}
   size_t InitialHeapSize                          = 260046848                                 {product} {ergonomic}
   size_t MarkStackSize                            = 4194304                                   {product} {ergonomic}
   size_t MaxHeapSize                              = 4135583744                                {product} {ergonomic}
   size_t MaxNewSize                               = 2480930816                                {product} {ergonomic}
   size_t MinHeapDeltaBytes                        = 2097152                                   {product} {ergonomic}
   size_t MinHeapSize                              = 8388608                                   {product} {ergonomic}
    uintx NonNMethodCodeHeapSize                   = 7602480                                {pd product} {ergonomic}
    uintx NonProfiledCodeHeapSize                  = 122027880                              {pd product} {ergonomic}
    uintx ProfiledCodeHeapSize                     = 122027880                              {pd product} {ergonomic}
    uintx ReservedCodeCacheSize                    = 251658240                              {pd product} {ergonomic}
     bool SegmentedCodeCache                       = true                                      {product} {ergonomic}
   size_t SoftMaxHeapSize                          = 4135583744                             {manageable} {ergonomic}
     bool UseCompressedOops                        = true                           {product lp64_product} {ergonomic}
     bool UseG1GC                                  = true                                      {product} {ergonomic}
     bool UseLargePagesIndividualAllocation        = false                                  {pd product} {ergonomic}

Logging:
Log output configuration:
 #0: stdout all=warning uptime,level,tags foldmultilines=false
 #1: stderr all=off uptime,level,tags foldmultilines=false

Environment Variables:
JAVA_HOME=C:\Program Files\Java\jdk-22
PATH=C:\Program Files\Common Files\Oracle\Java\javapath;C:\Program Files\Python311\Scripts\;C:\Program Files\Python311\;C:\Windows\system32;C:\Windows;C:\Windows\System32\Wbem;C:\Windows\System32\WindowsPowerShell\v1.0\;C:\Windows\System32\OpenSSH\;C:\Program Files (x86)\NVIDIA Corporation\PhysX\Common;C:\Program Files\NVIDIA Corporation\NVIDIA NvDLISR;C:\WINDOWS\system32;C:\WINDOWS;C:\WINDOWS\System32\Wbem;C:\WINDOWS\System32\WindowsPowerShell\v1.0\;C:\WINDOWS\System32\OpenSSH\;C:\Program Files\nodejs\;C:\Program Files\Git\cmd;C:\Program Files\Java\jdk-19\bin;C:\xampp\php;C:\ProgramData\ComposerSetup\bin;C:\Users\loena\AppData\Local\Microsoft\WindowsApps;C:\Users\loena\AppData\Local\Programs\Microsoft VS Code\bin;C:\Users\loena\AppData\Roaming\npm;C:\Users\loena\AppData\Roaming\Composer\vendor\bin
USERNAME=loena
OS=Windows_NT
PROCESSOR_IDENTIFIER=AMD64 Family 25 Model 80 Stepping 0, AuthenticAMD
TMP=C:\Users\loena\AppData\Local\Temp
TEMP=C:\Users\loena\AppData\Local\Temp




Periodic native trim disabled

---------------  S Y S T E M  ---------------

OS:
 Windows 11 , 64 bit Build 22621 (10.0.22621.4391)
OS uptime: 4 days 0:38 hours
Hyper-V role detected

CPU: total 16 (initial active 16) (16 cores per cpu, 2 threads per core) family 25 model 80 stepping 0 microcode 0x0, cx8, cmov, fxsr, ht, mmx, 3dnowpref, sse, sse2, sse3, ssse3, sse4a, sse4.1, sse4.2, popcnt, lzcnt, tsc, tscinvbit, avx, avx2, aes, erms, clmul, bmi1, bmi2, adx, sha, fma, vzeroupper, clflush, clflushopt, hv, rdtscp, rdpid, fsrm, f16c, cet_ss
Processor Information for all 16 processors :
  Max Mhz: 3201, Current Mhz: 3201, Mhz Limit: 3201

Memory: 4k page, system-wide physical 15775M (1572M free)
TotalPageFile size 18775M (AvailPageFile size 5M)
current process WorkingSet (physical memory assigned to process): 182M, peak: 187M
current process commit charge ("private bytes"): 463M, peak: 469M

vm_info: Java HotSpot(TM) 64-Bit Server VM (22.0.2+9-70) for windows-amd64 JRE (22.0.2+9-70), built on 2024-06-04T16:52:23Z by "mach5one" with MS VC++ 17.6 (VS2022)

END.
